[INFO ] 2020-11-28 20:41:50.362 [main] CoachModel:116 - Validating coach statistics
[INFO ] 2020-11-28 20:41:50.374 [main] CoachModel:88 - Validating coach details - name and statistics
[INFO ] 2020-11-28 20:41:50.375 [main] CoachModel:116 - Validating coach statistics
[INFO ] 2020-11-28 20:41:50.376 [main] CoachModel:116 - Validating coach statistics
[INFO ] 2020-11-28 20:41:50.377 [main] CoachModel:88 - Validating coach details - name and statistics
[INFO ] 2020-11-28 20:41:50.378 [main] CoachModel:116 - Validating coach statistics
[INFO ] 2020-11-28 20:41:50.379 [main] CoachModel:88 - Validating coach details - name and statistics
[INFO ] 2020-11-28 20:41:50.404 [main] FreeAgentModel:203 - Validating freeAgent details - name, birthdate, statistics
[INFO ] 2020-11-28 20:41:50.407 [main] FreeAgentModel:203 - Validating freeAgent details - name, birthdate, statistics
[INFO ] 2020-11-28 20:41:50.409 [main] FreeAgentModel:189 - Calculating player strength
[INFO ] 2020-11-28 20:41:50.411 [main] FreeAgentModel:248 - validating freeAgent's statistics
[INFO ] 2020-11-28 20:41:50.412 [main] FreeAgentModel:203 - Validating freeAgent details - name, birthdate, statistics
[INFO ] 2020-11-28 20:41:50.412 [main] FreeAgentModel:248 - validating freeAgent's statistics
[INFO ] 2020-11-28 20:41:50.413 [main] FreeAgentModel:248 - validating freeAgent's statistics
[INFO ] 2020-11-28 20:41:50.422 [main] FreeAgentModel:203 - Validating freeAgent details - name, birthdate, statistics
[INFO ] 2020-11-28 20:41:50.424 [main] FreeAgentModel:248 - validating freeAgent's statistics
[INFO ] 2020-11-28 20:41:50.426 [main] FreeAgentModel:189 - Calculating player strength
[INFO ] 2020-11-28 20:41:50.428 [main] FreeAgentModel:203 - Validating freeAgent details - name, birthdate, statistics
[INFO ] 2020-11-28 20:41:50.429 [main] FreeAgentModel:203 - Validating freeAgent details - name, birthdate, statistics
[INFO ] 2020-11-28 20:41:50.429 [main] FreeAgentModel:248 - validating freeAgent's statistics
[INFO ] 2020-11-28 20:41:50.432 [main] FreeAgentModel:203 - Validating freeAgent details - name, birthdate, statistics
[INFO ] 2020-11-28 20:41:50.432 [main] FreeAgentModel:248 - validating freeAgent's statistics
[INFO ] 2020-11-28 20:41:50.435 [main] FreeAgentModel:189 - Calculating player strength
[INFO ] 2020-11-28 20:41:50.437 [main] LeagueModel:102 - Removing retired freeAgents from league
[INFO ] 2020-11-28 20:41:50.439 [main] LeagueModel:208 - Validating league details
[INFO ] 2020-11-28 20:41:50.441 [main] LeagueModel:208 - Validating league details
[INFO ] 2020-11-28 20:41:50.443 [main] LeagueModel:208 - Validating league details
[INFO ] 2020-11-28 20:41:50.447 [main] LeagueModel:208 - Validating league details
[INFO ] 2020-11-28 20:41:50.449 [main] LeagueModel:208 - Validating league details
[INFO ] 2020-11-28 20:41:50.451 [main] LeagueModel:208 - Validating league details
[INFO ] 2020-11-28 20:41:50.452 [main] LeagueModel:208 - Validating league details
[INFO ] 2020-11-28 20:41:50.454 [main] LeagueModel:208 - Validating league details
[INFO ] 2020-11-28 20:41:50.455 [main] LeagueModel:208 - Validating league details
[INFO ] 2020-11-28 20:41:50.456 [main] LeagueModel:208 - Validating league details
[INFO ] 2020-11-28 20:41:50.456 [main] LeagueModel:208 - Validating league details
[INFO ] 2020-11-28 20:41:50.456 [main] LeagueModel:208 - Validating league details
[INFO ] 2020-11-28 20:41:50.457 [main] LeagueModel:208 - Validating league details
[INFO ] 2020-11-28 20:41:50.457 [main] LeagueModel:208 - Validating league details
[INFO ] 2020-11-28 20:41:51.285 [main] PlayerInjury:14 - Check whether player is injured or not
[INFO ] 2020-11-28 20:41:51.303 [main] PlayerInjury:14 - Check whether player is injured or not
[INFO ] 2020-11-28 20:41:51.306 [main] PlayerModel:79 - Checking player retirement
[INFO ] 2020-11-28 20:41:51.306 [main] PlayerRetirement:13 - check whether player is retired or not
[INFO ] 2020-11-28 20:41:51.307 [main] PlayerModel:54 - Validating player details
[INFO ] 2020-11-28 20:41:51.307 [main] FreeAgentModel:203 - Validating freeAgent details - name, birthdate, statistics
[INFO ] 2020-11-28 20:41:51.307 [main] FreeAgentModel:248 - validating freeAgent's statistics
[INFO ] 2020-11-28 20:41:51.308 [main] PlayerModel:73 - Checking player injury
[INFO ] 2020-11-28 20:41:51.308 [main] PlayerInjury:14 - Check whether player is injured or not
[INFO ] 2020-11-28 20:41:51.309 [main] PlayerRetirement:49 - Getting status of retirement of freeAgents
[INFO ] 2020-11-28 20:41:51.309 [main] LeagueModel:102 - Removing retired freeAgents from league
[INFO ] 2020-11-28 20:41:51.310 [main] PlayerRetirement:13 - check whether player is retired or not
[INFO ] 2020-11-28 20:41:51.313 [main] PlayerRetirement:13 - check whether player is retired or not
[INFO ] 2020-11-28 20:41:51.314 [main] PlayerRetirement:13 - check whether player is retired or not
[INFO ] 2020-11-28 20:41:51.314 [main] PlayerRetirement:60 - Getting status of retirement of players
[INFO ] 2020-11-28 20:41:51.315 [main] TeamModel:115 - Removing retired player from team
[INFO ] 2020-11-28 20:41:51.319 [main] TeamModel:125 - Validating team details
[INFO ] 2020-11-28 20:41:51.319 [main] TeamModel:125 - Validating team details
[INFO ] 2020-11-28 20:41:51.320 [main] TeamModel:125 - Validating team details
[INFO ] 2020-11-28 20:41:51.325 [main] TeamModel:102 - Calculating team strength using players strength
[INFO ] 2020-11-28 20:41:51.325 [main] FreeAgentModel:189 - Calculating player strength
[INFO ] 2020-11-28 20:41:51.325 [main] FreeAgentModel:189 - Calculating player strength
[INFO ] 2020-11-28 20:41:51.326 [main] FreeAgentModel:189 - Calculating player strength
[INFO ] 2020-11-28 20:41:51.326 [main] FreeAgentModel:189 - Calculating player strength
[INFO ] 2020-11-28 20:41:51.327 [main] TeamModel:125 - Validating team details
[INFO ] 2020-11-28 20:41:51.328 [main] TeamModel:125 - Validating team details
[INFO ] 2020-11-28 20:41:51.329 [main] TeamModel:125 - Validating team details
[INFO ] 2020-11-28 20:41:51.333 [main] TeamModel:125 - Validating team details
[INFO ] 2020-11-28 20:41:51.335 [main] TeamModel:125 - Validating team details
[INFO ] 2020-11-28 20:41:51.335 [main] TeamModel:125 - Validating team details
[INFO ] 2020-11-28 20:41:51.336 [main] TeamModel:125 - Validating team details
[INFO ] 2020-11-28 20:41:51.337 [main] TeamModel:125 - Validating team details
[INFO ] 2020-11-28 20:41:51.338 [main] TeamModel:125 - Validating team details
[INFO ] 2020-11-28 20:41:51.338 [main] TeamModel:125 - Validating team details
[INFO ] 2020-11-28 20:41:51.339 [main] TeamModel:125 - Validating team details
[INFO ] 2020-11-28 20:41:51.339 [main] TeamModel:125 - Validating team details
[INFO ] 2020-11-28 20:41:51.339 [main] TeamModel:125 - Validating team details
[INFO ] 2020-11-28 20:41:51.340 [main] TeamModel:125 - Validating team details
[INFO ] 2020-11-28 20:41:51.341 [main] TeamModel:115 - Removing retired player from team
[INFO ] 2020-11-28 20:41:51.342 [main] TeamModel:125 - Validating team details
[INFO ] 2020-11-28 20:41:51.342 [main] TeamModel:125 - Validating team details
[INFO ] 2020-11-28 20:41:51.352 [main] AgingConfig:45 - Validating aging details
[INFO ] 2020-11-28 20:41:51.353 [main] AgingConfig:45 - Validating aging details
[INFO ] 2020-11-28 20:41:51.354 [main] AgingConfig:45 - Validating aging details
[INFO ] 2020-11-28 20:41:51.355 [main] AgingConfig:45 - Validating aging details
[INFO ] 2020-11-28 20:41:51.369 [main] CoachModel:88 - Validating coach details - name and statistics
[INFO ] 2020-11-28 20:41:51.370 [main] CoachModel:116 - Validating coach statistics
[INFO ] 2020-11-28 20:41:51.398 [main] FreeAgentModel:189 - Calculating player strength
[INFO ] 2020-11-28 20:41:51.398 [main] PlayerModel:54 - Validating player details
[INFO ] 2020-11-28 20:41:51.398 [main] FreeAgentModel:203 - Validating freeAgent details - name, birthdate, statistics
[INFO ] 2020-11-28 20:41:51.398 [main] FreeAgentModel:248 - validating freeAgent's statistics
[INFO ] 2020-11-28 20:41:51.399 [main] FreeAgentModel:189 - Calculating player strength
[INFO ] 2020-11-28 20:41:51.399 [main] PlayerModel:54 - Validating player details
[INFO ] 2020-11-28 20:41:51.399 [main] FreeAgentModel:203 - Validating freeAgent details - name, birthdate, statistics
[INFO ] 2020-11-28 20:41:51.399 [main] FreeAgentModel:248 - validating freeAgent's statistics
[INFO ] 2020-11-28 20:41:51.399 [main] FreeAgentModel:189 - Calculating player strength
[INFO ] 2020-11-28 20:41:51.399 [main] PlayerModel:54 - Validating player details
[INFO ] 2020-11-28 20:41:51.400 [main] FreeAgentModel:203 - Validating freeAgent details - name, birthdate, statistics
[INFO ] 2020-11-28 20:41:51.400 [main] FreeAgentModel:248 - validating freeAgent's statistics
[INFO ] 2020-11-28 20:41:51.400 [main] FreeAgentModel:189 - Calculating player strength
[INFO ] 2020-11-28 20:41:51.401 [main] PlayerModel:54 - Validating player details
[INFO ] 2020-11-28 20:41:51.401 [main] FreeAgentModel:203 - Validating freeAgent details - name, birthdate, statistics
[INFO ] 2020-11-28 20:41:51.401 [main] FreeAgentModel:248 - validating freeAgent's statistics
[INFO ] 2020-11-28 20:41:51.401 [main] FreeAgentModel:189 - Calculating player strength
[INFO ] 2020-11-28 20:41:51.402 [main] PlayerModel:54 - Validating player details
[INFO ] 2020-11-28 20:41:51.402 [main] FreeAgentModel:203 - Validating freeAgent details - name, birthdate, statistics
[INFO ] 2020-11-28 20:41:51.402 [main] FreeAgentModel:248 - validating freeAgent's statistics
[INFO ] 2020-11-28 20:41:51.402 [main] FreeAgentModel:189 - Calculating player strength
[INFO ] 2020-11-28 20:41:51.402 [main] PlayerModel:54 - Validating player details
[INFO ] 2020-11-28 20:41:51.403 [main] FreeAgentModel:203 - Validating freeAgent details - name, birthdate, statistics
[INFO ] 2020-11-28 20:41:51.403 [main] FreeAgentModel:248 - validating freeAgent's statistics
[INFO ] 2020-11-28 20:41:51.403 [main] FreeAgentModel:189 - Calculating player strength
[INFO ] 2020-11-28 20:41:51.403 [main] PlayerModel:54 - Validating player details
[INFO ] 2020-11-28 20:41:51.403 [main] FreeAgentModel:203 - Validating freeAgent details - name, birthdate, statistics
[INFO ] 2020-11-28 20:41:51.404 [main] FreeAgentModel:248 - validating freeAgent's statistics
[INFO ] 2020-11-28 20:41:51.404 [main] FreeAgentModel:189 - Calculating player strength
[INFO ] 2020-11-28 20:41:51.404 [main] PlayerModel:54 - Validating player details
[INFO ] 2020-11-28 20:41:51.404 [main] FreeAgentModel:203 - Validating freeAgent details - name, birthdate, statistics
[INFO ] 2020-11-28 20:41:51.404 [main] FreeAgentModel:248 - validating freeAgent's statistics
[INFO ] 2020-11-28 20:41:51.406 [main] FreeAgentModel:189 - Calculating player strength
[INFO ] 2020-11-28 20:41:51.406 [main] PlayerModel:54 - Validating player details
[INFO ] 2020-11-28 20:41:51.406 [main] FreeAgentModel:203 - Validating freeAgent details - name, birthdate, statistics
[INFO ] 2020-11-28 20:41:51.406 [main] FreeAgentModel:248 - validating freeAgent's statistics
[INFO ] 2020-11-28 20:41:51.406 [main] FreeAgentModel:189 - Calculating player strength
[INFO ] 2020-11-28 20:41:51.407 [main] PlayerModel:54 - Validating player details
[INFO ] 2020-11-28 20:41:51.407 [main] FreeAgentModel:203 - Validating freeAgent details - name, birthdate, statistics
[INFO ] 2020-11-28 20:41:51.407 [main] FreeAgentModel:248 - validating freeAgent's statistics
[INFO ] 2020-11-28 20:41:51.407 [main] FreeAgentModel:189 - Calculating player strength
[INFO ] 2020-11-28 20:41:51.407 [main] PlayerModel:54 - Validating player details
[INFO ] 2020-11-28 20:41:51.407 [main] FreeAgentModel:203 - Validating freeAgent details - name, birthdate, statistics
[INFO ] 2020-11-28 20:41:51.407 [main] FreeAgentModel:248 - validating freeAgent's statistics
[INFO ] 2020-11-28 20:41:51.408 [main] FreeAgentModel:189 - Calculating player strength
[INFO ] 2020-11-28 20:41:51.408 [main] PlayerModel:54 - Validating player details
[INFO ] 2020-11-28 20:41:51.408 [main] FreeAgentModel:203 - Validating freeAgent details - name, birthdate, statistics
[INFO ] 2020-11-28 20:41:51.408 [main] FreeAgentModel:248 - validating freeAgent's statistics
[INFO ] 2020-11-28 20:41:51.408 [main] FreeAgentModel:189 - Calculating player strength
[INFO ] 2020-11-28 20:41:51.408 [main] PlayerModel:54 - Validating player details
[INFO ] 2020-11-28 20:41:51.408 [main] FreeAgentModel:203 - Validating freeAgent details - name, birthdate, statistics
[INFO ] 2020-11-28 20:41:51.408 [main] FreeAgentModel:248 - validating freeAgent's statistics
[INFO ] 2020-11-28 20:41:51.409 [main] FreeAgentModel:189 - Calculating player strength
[INFO ] 2020-11-28 20:41:51.409 [main] PlayerModel:54 - Validating player details
[INFO ] 2020-11-28 20:41:51.409 [main] FreeAgentModel:203 - Validating freeAgent details - name, birthdate, statistics
[INFO ] 2020-11-28 20:41:51.409 [main] FreeAgentModel:248 - validating freeAgent's statistics
[INFO ] 2020-11-28 20:41:51.410 [main] FreeAgentModel:189 - Calculating player strength
[INFO ] 2020-11-28 20:41:51.410 [main] PlayerModel:54 - Validating player details
[INFO ] 2020-11-28 20:41:51.410 [main] FreeAgentModel:203 - Validating freeAgent details - name, birthdate, statistics
[INFO ] 2020-11-28 20:41:51.410 [main] FreeAgentModel:248 - validating freeAgent's statistics
[INFO ] 2020-11-28 20:41:51.410 [main] FreeAgentModel:189 - Calculating player strength
[INFO ] 2020-11-28 20:41:51.410 [main] PlayerModel:54 - Validating player details
[INFO ] 2020-11-28 20:41:51.410 [main] FreeAgentModel:203 - Validating freeAgent details - name, birthdate, statistics
[INFO ] 2020-11-28 20:41:51.411 [main] FreeAgentModel:248 - validating freeAgent's statistics
[INFO ] 2020-11-28 20:41:51.411 [main] FreeAgentModel:189 - Calculating player strength
[INFO ] 2020-11-28 20:41:51.411 [main] PlayerModel:54 - Validating player details
[INFO ] 2020-11-28 20:41:51.411 [main] FreeAgentModel:203 - Validating freeAgent details - name, birthdate, statistics
[INFO ] 2020-11-28 20:41:51.411 [main] FreeAgentModel:248 - validating freeAgent's statistics
[INFO ] 2020-11-28 20:41:51.411 [main] FreeAgentModel:189 - Calculating player strength
[INFO ] 2020-11-28 20:41:51.411 [main] PlayerModel:54 - Validating player details
[INFO ] 2020-11-28 20:41:51.411 [main] FreeAgentModel:203 - Validating freeAgent details - name, birthdate, statistics
[INFO ] 2020-11-28 20:41:51.412 [main] FreeAgentModel:248 - validating freeAgent's statistics
[INFO ] 2020-11-28 20:41:51.412 [main] FreeAgentModel:189 - Calculating player strength
[INFO ] 2020-11-28 20:41:51.412 [main] PlayerModel:54 - Validating player details
[INFO ] 2020-11-28 20:41:51.412 [main] FreeAgentModel:203 - Validating freeAgent details - name, birthdate, statistics
[INFO ] 2020-11-28 20:41:51.412 [main] FreeAgentModel:248 - validating freeAgent's statistics
[INFO ] 2020-11-28 20:41:51.412 [main] FreeAgentModel:189 - Calculating player strength
[INFO ] 2020-11-28 20:41:51.412 [main] PlayerModel:54 - Validating player details
[INFO ] 2020-11-28 20:41:51.412 [main] FreeAgentModel:203 - Validating freeAgent details - name, birthdate, statistics
[INFO ] 2020-11-28 20:41:51.413 [main] FreeAgentModel:248 - validating freeAgent's statistics
[INFO ] 2020-11-28 20:41:51.413 [main] TeamModel:102 - Calculating team strength using players strength
[INFO ] 2020-11-28 20:41:51.413 [main] FreeAgentModel:189 - Calculating player strength
[INFO ] 2020-11-28 20:41:51.413 [main] FreeAgentModel:189 - Calculating player strength
[INFO ] 2020-11-28 20:41:51.413 [main] FreeAgentModel:189 - Calculating player strength
[INFO ] 2020-11-28 20:41:51.413 [main] FreeAgentModel:189 - Calculating player strength
[INFO ] 2020-11-28 20:41:51.413 [main] FreeAgentModel:189 - Calculating player strength
[INFO ] 2020-11-28 20:41:51.414 [main] FreeAgentModel:189 - Calculating player strength
[INFO ] 2020-11-28 20:41:51.414 [main] FreeAgentModel:189 - Calculating player strength
[INFO ] 2020-11-28 20:41:51.414 [main] FreeAgentModel:189 - Calculating player strength
[INFO ] 2020-11-28 20:41:51.414 [main] FreeAgentModel:189 - Calculating player strength
[INFO ] 2020-11-28 20:41:51.414 [main] FreeAgentModel:189 - Calculating player strength
[INFO ] 2020-11-28 20:41:51.414 [main] FreeAgentModel:189 - Calculating player strength
[INFO ] 2020-11-28 20:41:51.414 [main] FreeAgentModel:189 - Calculating player strength
[INFO ] 2020-11-28 20:41:51.415 [main] FreeAgentModel:189 - Calculating player strength
[INFO ] 2020-11-28 20:41:51.415 [main] FreeAgentModel:189 - Calculating player strength
[INFO ] 2020-11-28 20:41:51.415 [main] FreeAgentModel:189 - Calculating player strength
[INFO ] 2020-11-28 20:41:51.415 [main] FreeAgentModel:189 - Calculating player strength
[INFO ] 2020-11-28 20:41:51.415 [main] FreeAgentModel:189 - Calculating player strength
[INFO ] 2020-11-28 20:41:51.415 [main] FreeAgentModel:189 - Calculating player strength
[INFO ] 2020-11-28 20:41:51.415 [main] FreeAgentModel:189 - Calculating player strength
[INFO ] 2020-11-28 20:41:51.415 [main] FreeAgentModel:189 - Calculating player strength
[INFO ] 2020-11-28 20:41:51.416 [main] TeamModel:125 - Validating team details
[INFO ] 2020-11-28 20:41:51.416 [main] FreeAgentModel:189 - Calculating player strength
[INFO ] 2020-11-28 20:41:51.416 [main] PlayerModel:54 - Validating player details
[INFO ] 2020-11-28 20:41:51.416 [main] FreeAgentModel:203 - Validating freeAgent details - name, birthdate, statistics
[INFO ] 2020-11-28 20:41:51.416 [main] FreeAgentModel:248 - validating freeAgent's statistics
[INFO ] 2020-11-28 20:41:51.416 [main] FreeAgentModel:189 - Calculating player strength
[INFO ] 2020-11-28 20:41:51.416 [main] PlayerModel:54 - Validating player details
[INFO ] 2020-11-28 20:41:51.417 [main] FreeAgentModel:203 - Validating freeAgent details - name, birthdate, statistics
[INFO ] 2020-11-28 20:41:51.417 [main] FreeAgentModel:248 - validating freeAgent's statistics
[INFO ] 2020-11-28 20:41:51.417 [main] FreeAgentModel:189 - Calculating player strength
[INFO ] 2020-11-28 20:41:51.417 [main] PlayerModel:54 - Validating player details
[INFO ] 2020-11-28 20:41:51.417 [main] FreeAgentModel:203 - Validating freeAgent details - name, birthdate, statistics
[INFO ] 2020-11-28 20:41:51.417 [main] FreeAgentModel:248 - validating freeAgent's statistics
[INFO ] 2020-11-28 20:41:51.418 [main] FreeAgentModel:189 - Calculating player strength
[INFO ] 2020-11-28 20:41:51.418 [main] PlayerModel:54 - Validating player details
[INFO ] 2020-11-28 20:41:51.418 [main] FreeAgentModel:203 - Validating freeAgent details - name, birthdate, statistics
[INFO ] 2020-11-28 20:41:51.418 [main] FreeAgentModel:248 - validating freeAgent's statistics
[INFO ] 2020-11-28 20:41:51.418 [main] FreeAgentModel:189 - Calculating player strength
[INFO ] 2020-11-28 20:41:51.418 [main] PlayerModel:54 - Validating player details
[INFO ] 2020-11-28 20:41:51.418 [main] FreeAgentModel:203 - Validating freeAgent details - name, birthdate, statistics
[INFO ] 2020-11-28 20:41:51.418 [main] FreeAgentModel:248 - validating freeAgent's statistics
[INFO ] 2020-11-28 20:41:51.418 [main] FreeAgentModel:189 - Calculating player strength
[INFO ] 2020-11-28 20:41:51.418 [main] PlayerModel:54 - Validating player details
[INFO ] 2020-11-28 20:41:51.418 [main] FreeAgentModel:203 - Validating freeAgent details - name, birthdate, statistics
[INFO ] 2020-11-28 20:41:51.418 [main] FreeAgentModel:248 - validating freeAgent's statistics
[INFO ] 2020-11-28 20:41:51.419 [main] FreeAgentModel:189 - Calculating player strength
[INFO ] 2020-11-28 20:41:51.419 [main] PlayerModel:54 - Validating player details
[INFO ] 2020-11-28 20:41:51.419 [main] FreeAgentModel:203 - Validating freeAgent details - name, birthdate, statistics
[INFO ] 2020-11-28 20:41:51.419 [main] FreeAgentModel:248 - validating freeAgent's statistics
[INFO ] 2020-11-28 20:41:51.419 [main] FreeAgentModel:189 - Calculating player strength
[INFO ] 2020-11-28 20:41:51.419 [main] PlayerModel:54 - Validating player details
[INFO ] 2020-11-28 20:41:51.419 [main] FreeAgentModel:203 - Validating freeAgent details - name, birthdate, statistics
[INFO ] 2020-11-28 20:41:51.419 [main] FreeAgentModel:248 - validating freeAgent's statistics
[INFO ] 2020-11-28 20:41:51.420 [main] FreeAgentModel:189 - Calculating player strength
[INFO ] 2020-11-28 20:41:51.421 [main] PlayerModel:54 - Validating player details
[INFO ] 2020-11-28 20:41:51.421 [main] FreeAgentModel:203 - Validating freeAgent details - name, birthdate, statistics
[INFO ] 2020-11-28 20:41:51.421 [main] FreeAgentModel:248 - validating freeAgent's statistics
[INFO ] 2020-11-28 20:41:51.422 [main] FreeAgentModel:189 - Calculating player strength
[INFO ] 2020-11-28 20:41:51.422 [main] PlayerModel:54 - Validating player details
[INFO ] 2020-11-28 20:41:51.422 [main] FreeAgentModel:203 - Validating freeAgent details - name, birthdate, statistics
[INFO ] 2020-11-28 20:41:51.422 [main] FreeAgentModel:248 - validating freeAgent's statistics
[INFO ] 2020-11-28 20:41:51.422 [main] FreeAgentModel:189 - Calculating player strength
[INFO ] 2020-11-28 20:41:51.423 [main] PlayerModel:54 - Validating player details
[INFO ] 2020-11-28 20:41:51.423 [main] FreeAgentModel:203 - Validating freeAgent details - name, birthdate, statistics
[INFO ] 2020-11-28 20:41:51.423 [main] FreeAgentModel:248 - validating freeAgent's statistics
[INFO ] 2020-11-28 20:41:51.424 [main] FreeAgentModel:189 - Calculating player strength
[INFO ] 2020-11-28 20:41:51.424 [main] PlayerModel:54 - Validating player details
[INFO ] 2020-11-28 20:41:51.424 [main] FreeAgentModel:203 - Validating freeAgent details - name, birthdate, statistics
[INFO ] 2020-11-28 20:41:51.424 [main] FreeAgentModel:248 - validating freeAgent's statistics
[INFO ] 2020-11-28 20:41:51.424 [main] FreeAgentModel:189 - Calculating player strength
[INFO ] 2020-11-28 20:41:51.424 [main] PlayerModel:54 - Validating player details
[INFO ] 2020-11-28 20:41:51.425 [main] FreeAgentModel:203 - Validating freeAgent details - name, birthdate, statistics
[INFO ] 2020-11-28 20:41:51.425 [main] FreeAgentModel:248 - validating freeAgent's statistics
[INFO ] 2020-11-28 20:41:51.425 [main] FreeAgentModel:189 - Calculating player strength
[INFO ] 2020-11-28 20:41:51.425 [main] PlayerModel:54 - Validating player details
[INFO ] 2020-11-28 20:41:51.425 [main] FreeAgentModel:203 - Validating freeAgent details - name, birthdate, statistics
[INFO ] 2020-11-28 20:41:51.425 [main] FreeAgentModel:248 - validating freeAgent's statistics
[INFO ] 2020-11-28 20:41:51.426 [main] FreeAgentModel:189 - Calculating player strength
[INFO ] 2020-11-28 20:41:51.426 [main] PlayerModel:54 - Validating player details
[INFO ] 2020-11-28 20:41:51.426 [main] FreeAgentModel:203 - Validating freeAgent details - name, birthdate, statistics
[INFO ] 2020-11-28 20:41:51.426 [main] FreeAgentModel:248 - validating freeAgent's statistics
[INFO ] 2020-11-28 20:41:51.426 [main] FreeAgentModel:189 - Calculating player strength
[INFO ] 2020-11-28 20:41:51.426 [main] PlayerModel:54 - Validating player details
[INFO ] 2020-11-28 20:41:51.426 [main] FreeAgentModel:203 - Validating freeAgent details - name, birthdate, statistics
[INFO ] 2020-11-28 20:41:51.427 [main] FreeAgentModel:248 - validating freeAgent's statistics
[INFO ] 2020-11-28 20:41:51.427 [main] FreeAgentModel:189 - Calculating player strength
[INFO ] 2020-11-28 20:41:51.427 [main] PlayerModel:54 - Validating player details
[INFO ] 2020-11-28 20:41:51.427 [main] FreeAgentModel:203 - Validating freeAgent details - name, birthdate, statistics
[INFO ] 2020-11-28 20:41:51.427 [main] FreeAgentModel:248 - validating freeAgent's statistics
[INFO ] 2020-11-28 20:41:51.427 [main] FreeAgentModel:189 - Calculating player strength
[INFO ] 2020-11-28 20:41:51.428 [main] PlayerModel:54 - Validating player details
[INFO ] 2020-11-28 20:41:51.428 [main] FreeAgentModel:203 - Validating freeAgent details - name, birthdate, statistics
[INFO ] 2020-11-28 20:41:51.428 [main] FreeAgentModel:248 - validating freeAgent's statistics
[INFO ] 2020-11-28 20:41:51.428 [main] FreeAgentModel:189 - Calculating player strength
[INFO ] 2020-11-28 20:41:51.428 [main] PlayerModel:54 - Validating player details
[INFO ] 2020-11-28 20:41:51.429 [main] FreeAgentModel:203 - Validating freeAgent details - name, birthdate, statistics
[INFO ] 2020-11-28 20:41:51.429 [main] FreeAgentModel:248 - validating freeAgent's statistics
[INFO ] 2020-11-28 20:41:51.429 [main] FreeAgentModel:189 - Calculating player strength
[INFO ] 2020-11-28 20:41:51.429 [main] PlayerModel:54 - Validating player details
[INFO ] 2020-11-28 20:41:51.429 [main] FreeAgentModel:203 - Validating freeAgent details - name, birthdate, statistics
[INFO ] 2020-11-28 20:41:51.429 [main] FreeAgentModel:248 - validating freeAgent's statistics
[INFO ] 2020-11-28 20:41:51.429 [main] TeamModel:102 - Calculating team strength using players strength
[INFO ] 2020-11-28 20:41:51.429 [main] FreeAgentModel:189 - Calculating player strength
[INFO ] 2020-11-28 20:41:51.430 [main] FreeAgentModel:189 - Calculating player strength
[INFO ] 2020-11-28 20:41:51.430 [main] FreeAgentModel:189 - Calculating player strength
[INFO ] 2020-11-28 20:41:51.430 [main] FreeAgentModel:189 - Calculating player strength
[INFO ] 2020-11-28 20:41:51.430 [main] FreeAgentModel:189 - Calculating player strength
[INFO ] 2020-11-28 20:41:51.430 [main] FreeAgentModel:189 - Calculating player strength
[INFO ] 2020-11-28 20:41:51.430 [main] FreeAgentModel:189 - Calculating player strength
[INFO ] 2020-11-28 20:41:51.430 [main] FreeAgentModel:189 - Calculating player strength
[INFO ] 2020-11-28 20:41:51.430 [main] FreeAgentModel:189 - Calculating player strength
[INFO ] 2020-11-28 20:41:51.430 [main] FreeAgentModel:189 - Calculating player strength
[INFO ] 2020-11-28 20:41:51.431 [main] FreeAgentModel:189 - Calculating player strength
[INFO ] 2020-11-28 20:41:51.431 [main] FreeAgentModel:189 - Calculating player strength
[INFO ] 2020-11-28 20:41:51.431 [main] FreeAgentModel:189 - Calculating player strength
[INFO ] 2020-11-28 20:41:51.431 [main] FreeAgentModel:189 - Calculating player strength
[INFO ] 2020-11-28 20:41:51.431 [main] FreeAgentModel:189 - Calculating player strength
[INFO ] 2020-11-28 20:41:51.431 [main] FreeAgentModel:189 - Calculating player strength
[INFO ] 2020-11-28 20:41:51.431 [main] FreeAgentModel:189 - Calculating player strength
[INFO ] 2020-11-28 20:41:51.431 [main] FreeAgentModel:189 - Calculating player strength
[INFO ] 2020-11-28 20:41:51.431 [main] FreeAgentModel:189 - Calculating player strength
[INFO ] 2020-11-28 20:41:51.432 [main] FreeAgentModel:189 - Calculating player strength
[INFO ] 2020-11-28 20:41:51.432 [main] TeamModel:125 - Validating team details
[INFO ] 2020-11-28 20:41:51.432 [main] FreeAgentModel:189 - Calculating player strength
[INFO ] 2020-11-28 20:41:51.432 [main] PlayerModel:54 - Validating player details
[INFO ] 2020-11-28 20:41:51.432 [main] FreeAgentModel:203 - Validating freeAgent details - name, birthdate, statistics
[INFO ] 2020-11-28 20:41:51.432 [main] FreeAgentModel:248 - validating freeAgent's statistics
[INFO ] 2020-11-28 20:41:51.432 [main] FreeAgentModel:189 - Calculating player strength
[INFO ] 2020-11-28 20:41:51.432 [main] PlayerModel:54 - Validating player details
[INFO ] 2020-11-28 20:41:51.433 [main] FreeAgentModel:203 - Validating freeAgent details - name, birthdate, statistics
[INFO ] 2020-11-28 20:41:51.433 [main] FreeAgentModel:248 - validating freeAgent's statistics
[INFO ] 2020-11-28 20:41:51.433 [main] FreeAgentModel:189 - Calculating player strength
[INFO ] 2020-11-28 20:41:51.433 [main] PlayerModel:54 - Validating player details
[INFO ] 2020-11-28 20:41:51.433 [main] FreeAgentModel:203 - Validating freeAgent details - name, birthdate, statistics
[INFO ] 2020-11-28 20:41:51.433 [main] FreeAgentModel:248 - validating freeAgent's statistics
[INFO ] 2020-11-28 20:41:51.434 [main] FreeAgentModel:189 - Calculating player strength
[INFO ] 2020-11-28 20:41:51.434 [main] PlayerModel:54 - Validating player details
[INFO ] 2020-11-28 20:41:51.434 [main] FreeAgentModel:203 - Validating freeAgent details - name, birthdate, statistics
[INFO ] 2020-11-28 20:41:51.434 [main] FreeAgentModel:248 - validating freeAgent's statistics
[INFO ] 2020-11-28 20:41:51.434 [main] FreeAgentModel:189 - Calculating player strength
[INFO ] 2020-11-28 20:41:51.434 [main] PlayerModel:54 - Validating player details
[INFO ] 2020-11-28 20:41:51.435 [main] FreeAgentModel:203 - Validating freeAgent details - name, birthdate, statistics
[INFO ] 2020-11-28 20:41:51.435 [main] FreeAgentModel:248 - validating freeAgent's statistics
[INFO ] 2020-11-28 20:41:51.435 [main] FreeAgentModel:189 - Calculating player strength
[INFO ] 2020-11-28 20:41:51.435 [main] PlayerModel:54 - Validating player details
[INFO ] 2020-11-28 20:41:51.435 [main] FreeAgentModel:203 - Validating freeAgent details - name, birthdate, statistics
[INFO ] 2020-11-28 20:41:51.435 [main] FreeAgentModel:248 - validating freeAgent's statistics
[INFO ] 2020-11-28 20:41:51.435 [main] FreeAgentModel:189 - Calculating player strength
[INFO ] 2020-11-28 20:41:51.435 [main] PlayerModel:54 - Validating player details
[INFO ] 2020-11-28 20:41:51.435 [main] FreeAgentModel:203 - Validating freeAgent details - name, birthdate, statistics
[INFO ] 2020-11-28 20:41:51.436 [main] FreeAgentModel:248 - validating freeAgent's statistics
[INFO ] 2020-11-28 20:41:51.436 [main] FreeAgentModel:189 - Calculating player strength
[INFO ] 2020-11-28 20:41:51.436 [main] PlayerModel:54 - Validating player details
[INFO ] 2020-11-28 20:41:51.436 [main] FreeAgentModel:203 - Validating freeAgent details - name, birthdate, statistics
[INFO ] 2020-11-28 20:41:51.437 [main] FreeAgentModel:248 - validating freeAgent's statistics
[INFO ] 2020-11-28 20:41:51.437 [main] FreeAgentModel:189 - Calculating player strength
[INFO ] 2020-11-28 20:41:51.437 [main] PlayerModel:54 - Validating player details
[INFO ] 2020-11-28 20:41:51.438 [main] FreeAgentModel:203 - Validating freeAgent details - name, birthdate, statistics
[INFO ] 2020-11-28 20:41:51.438 [main] FreeAgentModel:248 - validating freeAgent's statistics
[INFO ] 2020-11-28 20:41:51.438 [main] FreeAgentModel:189 - Calculating player strength
[INFO ] 2020-11-28 20:41:51.438 [main] PlayerModel:54 - Validating player details
[INFO ] 2020-11-28 20:41:51.438 [main] FreeAgentModel:203 - Validating freeAgent details - name, birthdate, statistics
[INFO ] 2020-11-28 20:41:51.439 [main] FreeAgentModel:248 - validating freeAgent's statistics
[INFO ] 2020-11-28 20:41:51.439 [main] FreeAgentModel:189 - Calculating player strength
[INFO ] 2020-11-28 20:41:51.439 [main] PlayerModel:54 - Validating player details
[INFO ] 2020-11-28 20:41:51.439 [main] FreeAgentModel:203 - Validating freeAgent details - name, birthdate, statistics
[INFO ] 2020-11-28 20:41:51.439 [main] FreeAgentModel:248 - validating freeAgent's statistics
[INFO ] 2020-11-28 20:41:51.440 [main] FreeAgentModel:189 - Calculating player strength
[INFO ] 2020-11-28 20:41:51.440 [main] PlayerModel:54 - Validating player details
[INFO ] 2020-11-28 20:41:51.440 [main] FreeAgentModel:203 - Validating freeAgent details - name, birthdate, statistics
[INFO ] 2020-11-28 20:41:51.440 [main] FreeAgentModel:248 - validating freeAgent's statistics
[INFO ] 2020-11-28 20:41:51.440 [main] FreeAgentModel:189 - Calculating player strength
[INFO ] 2020-11-28 20:41:51.440 [main] PlayerModel:54 - Validating player details
[INFO ] 2020-11-28 20:41:51.441 [main] FreeAgentModel:203 - Validating freeAgent details - name, birthdate, statistics
[INFO ] 2020-11-28 20:41:51.441 [main] FreeAgentModel:248 - validating freeAgent's statistics
[INFO ] 2020-11-28 20:41:51.441 [main] FreeAgentModel:189 - Calculating player strength
[INFO ] 2020-11-28 20:41:51.441 [main] PlayerModel:54 - Validating player details
[INFO ] 2020-11-28 20:41:51.441 [main] FreeAgentModel:203 - Validating freeAgent details - name, birthdate, statistics
[INFO ] 2020-11-28 20:41:51.441 [main] FreeAgentModel:248 - validating freeAgent's statistics
[INFO ] 2020-11-28 20:41:51.441 [main] FreeAgentModel:189 - Calculating player strength
[INFO ] 2020-11-28 20:41:51.441 [main] PlayerModel:54 - Validating player details
[INFO ] 2020-11-28 20:41:51.442 [main] FreeAgentModel:203 - Validating freeAgent details - name, birthdate, statistics
[INFO ] 2020-11-28 20:41:51.442 [main] FreeAgentModel:248 - validating freeAgent's statistics
[INFO ] 2020-11-28 20:41:51.442 [main] FreeAgentModel:189 - Calculating player strength
[INFO ] 2020-11-28 20:41:51.442 [main] PlayerModel:54 - Validating player details
[INFO ] 2020-11-28 20:41:51.442 [main] FreeAgentModel:203 - Validating freeAgent details - name, birthdate, statistics
[INFO ] 2020-11-28 20:41:51.442 [main] FreeAgentModel:248 - validating freeAgent's statistics
[INFO ] 2020-11-28 20:41:51.442 [main] FreeAgentModel:189 - Calculating player strength
[INFO ] 2020-11-28 20:41:51.442 [main] PlayerModel:54 - Validating player details
[INFO ] 2020-11-28 20:41:51.442 [main] FreeAgentModel:203 - Validating freeAgent details - name, birthdate, statistics
[INFO ] 2020-11-28 20:41:51.443 [main] FreeAgentModel:248 - validating freeAgent's statistics
[INFO ] 2020-11-28 20:41:51.443 [main] FreeAgentModel:189 - Calculating player strength
[INFO ] 2020-11-28 20:41:51.443 [main] PlayerModel:54 - Validating player details
[INFO ] 2020-11-28 20:41:51.443 [main] FreeAgentModel:203 - Validating freeAgent details - name, birthdate, statistics
[INFO ] 2020-11-28 20:41:51.443 [main] FreeAgentModel:248 - validating freeAgent's statistics
[INFO ] 2020-11-28 20:41:51.443 [main] FreeAgentModel:189 - Calculating player strength
[INFO ] 2020-11-28 20:41:51.443 [main] PlayerModel:54 - Validating player details
[INFO ] 2020-11-28 20:41:51.443 [main] FreeAgentModel:203 - Validating freeAgent details - name, birthdate, statistics
[INFO ] 2020-11-28 20:41:51.443 [main] FreeAgentModel:248 - validating freeAgent's statistics
[INFO ] 2020-11-28 20:41:51.443 [main] FreeAgentModel:189 - Calculating player strength
[INFO ] 2020-11-28 20:41:51.444 [main] PlayerModel:54 - Validating player details
[INFO ] 2020-11-28 20:41:51.444 [main] FreeAgentModel:203 - Validating freeAgent details - name, birthdate, statistics
[INFO ] 2020-11-28 20:41:51.444 [main] FreeAgentModel:248 - validating freeAgent's statistics
[INFO ] 2020-11-28 20:41:51.444 [main] TeamModel:102 - Calculating team strength using players strength
[INFO ] 2020-11-28 20:41:51.444 [main] FreeAgentModel:189 - Calculating player strength
[INFO ] 2020-11-28 20:41:51.444 [main] FreeAgentModel:189 - Calculating player strength
[INFO ] 2020-11-28 20:41:51.444 [main] FreeAgentModel:189 - Calculating player strength
[INFO ] 2020-11-28 20:41:51.444 [main] FreeAgentModel:189 - Calculating player strength
[INFO ] 2020-11-28 20:41:51.444 [main] FreeAgentModel:189 - Calculating player strength
[INFO ] 2020-11-28 20:41:51.445 [main] FreeAgentModel:189 - Calculating player strength
[INFO ] 2020-11-28 20:41:51.445 [main] FreeAgentModel:189 - Calculating player strength
[INFO ] 2020-11-28 20:41:51.445 [main] FreeAgentModel:189 - Calculating player strength
[INFO ] 2020-11-28 20:41:51.445 [main] FreeAgentModel:189 - Calculating player strength
[INFO ] 2020-11-28 20:41:51.445 [main] FreeAgentModel:189 - Calculating player strength
[INFO ] 2020-11-28 20:41:51.445 [main] FreeAgentModel:189 - Calculating player strength
[INFO ] 2020-11-28 20:41:51.445 [main] FreeAgentModel:189 - Calculating player strength
[INFO ] 2020-11-28 20:41:51.445 [main] FreeAgentModel:189 - Calculating player strength
[INFO ] 2020-11-28 20:41:51.445 [main] FreeAgentModel:189 - Calculating player strength
[INFO ] 2020-11-28 20:41:51.446 [main] FreeAgentModel:189 - Calculating player strength
[INFO ] 2020-11-28 20:41:51.446 [main] FreeAgentModel:189 - Calculating player strength
[INFO ] 2020-11-28 20:41:51.446 [main] FreeAgentModel:189 - Calculating player strength
[INFO ] 2020-11-28 20:41:51.446 [main] FreeAgentModel:189 - Calculating player strength
[INFO ] 2020-11-28 20:41:51.446 [main] FreeAgentModel:189 - Calculating player strength
[INFO ] 2020-11-28 20:41:51.446 [main] FreeAgentModel:189 - Calculating player strength
[INFO ] 2020-11-28 20:41:51.446 [main] TeamModel:125 - Validating team details
[INFO ] 2020-11-28 20:41:51.446 [main] FreeAgentModel:189 - Calculating player strength
[INFO ] 2020-11-28 20:41:51.446 [main] PlayerModel:54 - Validating player details
[INFO ] 2020-11-28 20:41:51.447 [main] FreeAgentModel:203 - Validating freeAgent details - name, birthdate, statistics
[INFO ] 2020-11-28 20:41:51.447 [main] FreeAgentModel:248 - validating freeAgent's statistics
[INFO ] 2020-11-28 20:41:51.447 [main] FreeAgentModel:189 - Calculating player strength
[INFO ] 2020-11-28 20:41:51.447 [main] PlayerModel:54 - Validating player details
[INFO ] 2020-11-28 20:41:51.447 [main] FreeAgentModel:203 - Validating freeAgent details - name, birthdate, statistics
[INFO ] 2020-11-28 20:41:51.447 [main] FreeAgentModel:248 - validating freeAgent's statistics
[INFO ] 2020-11-28 20:41:51.447 [main] FreeAgentModel:189 - Calculating player strength
[INFO ] 2020-11-28 20:41:51.447 [main] PlayerModel:54 - Validating player details
[INFO ] 2020-11-28 20:41:51.447 [main] FreeAgentModel:203 - Validating freeAgent details - name, birthdate, statistics
[INFO ] 2020-11-28 20:41:51.447 [main] FreeAgentModel:248 - validating freeAgent's statistics
[INFO ] 2020-11-28 20:41:51.448 [main] FreeAgentModel:189 - Calculating player strength
[INFO ] 2020-11-28 20:41:51.448 [main] PlayerModel:54 - Validating player details
[INFO ] 2020-11-28 20:41:51.448 [main] FreeAgentModel:203 - Validating freeAgent details - name, birthdate, statistics
[INFO ] 2020-11-28 20:41:51.448 [main] FreeAgentModel:248 - validating freeAgent's statistics
[INFO ] 2020-11-28 20:41:51.448 [main] FreeAgentModel:189 - Calculating player strength
[INFO ] 2020-11-28 20:41:51.448 [main] PlayerModel:54 - Validating player details
[INFO ] 2020-11-28 20:41:51.448 [main] FreeAgentModel:203 - Validating freeAgent details - name, birthdate, statistics
[INFO ] 2020-11-28 20:41:51.448 [main] FreeAgentModel:248 - validating freeAgent's statistics
[INFO ] 2020-11-28 20:41:51.448 [main] FreeAgentModel:189 - Calculating player strength
[INFO ] 2020-11-28 20:41:51.448 [main] PlayerModel:54 - Validating player details
[INFO ] 2020-11-28 20:41:51.449 [main] FreeAgentModel:203 - Validating freeAgent details - name, birthdate, statistics
[INFO ] 2020-11-28 20:41:51.449 [main] FreeAgentModel:248 - validating freeAgent's statistics
[INFO ] 2020-11-28 20:41:51.449 [main] FreeAgentModel:189 - Calculating player strength
[INFO ] 2020-11-28 20:41:51.449 [main] PlayerModel:54 - Validating player details
[INFO ] 2020-11-28 20:41:51.449 [main] FreeAgentModel:203 - Validating freeAgent details - name, birthdate, statistics
[INFO ] 2020-11-28 20:41:51.449 [main] FreeAgentModel:248 - validating freeAgent's statistics
[INFO ] 2020-11-28 20:41:51.449 [main] FreeAgentModel:189 - Calculating player strength
[INFO ] 2020-11-28 20:41:51.449 [main] PlayerModel:54 - Validating player details
[INFO ] 2020-11-28 20:41:51.449 [main] FreeAgentModel:203 - Validating freeAgent details - name, birthdate, statistics
[INFO ] 2020-11-28 20:41:51.449 [main] FreeAgentModel:248 - validating freeAgent's statistics
[INFO ] 2020-11-28 20:41:51.450 [main] FreeAgentModel:189 - Calculating player strength
[INFO ] 2020-11-28 20:41:51.450 [main] PlayerModel:54 - Validating player details
[INFO ] 2020-11-28 20:41:51.450 [main] FreeAgentModel:203 - Validating freeAgent details - name, birthdate, statistics
[INFO ] 2020-11-28 20:41:51.450 [main] FreeAgentModel:248 - validating freeAgent's statistics
[INFO ] 2020-11-28 20:41:51.450 [main] FreeAgentModel:189 - Calculating player strength
[INFO ] 2020-11-28 20:41:51.450 [main] PlayerModel:54 - Validating player details
[INFO ] 2020-11-28 20:41:51.451 [main] FreeAgentModel:203 - Validating freeAgent details - name, birthdate, statistics
[INFO ] 2020-11-28 20:41:51.451 [main] FreeAgentModel:248 - validating freeAgent's statistics
[INFO ] 2020-11-28 20:41:51.451 [main] FreeAgentModel:189 - Calculating player strength
[INFO ] 2020-11-28 20:41:51.451 [main] PlayerModel:54 - Validating player details
[INFO ] 2020-11-28 20:41:51.451 [main] FreeAgentModel:203 - Validating freeAgent details - name, birthdate, statistics
[INFO ] 2020-11-28 20:41:51.452 [main] FreeAgentModel:248 - validating freeAgent's statistics
[INFO ] 2020-11-28 20:41:51.452 [main] FreeAgentModel:189 - Calculating player strength
[INFO ] 2020-11-28 20:41:51.452 [main] PlayerModel:54 - Validating player details
[INFO ] 2020-11-28 20:41:51.452 [main] FreeAgentModel:203 - Validating freeAgent details - name, birthdate, statistics
[INFO ] 2020-11-28 20:41:51.452 [main] FreeAgentModel:248 - validating freeAgent's statistics
[INFO ] 2020-11-28 20:41:51.452 [main] FreeAgentModel:189 - Calculating player strength
[INFO ] 2020-11-28 20:41:51.452 [main] PlayerModel:54 - Validating player details
[INFO ] 2020-11-28 20:41:51.452 [main] FreeAgentModel:203 - Validating freeAgent details - name, birthdate, statistics
[INFO ] 2020-11-28 20:41:51.452 [main] FreeAgentModel:248 - validating freeAgent's statistics
[INFO ] 2020-11-28 20:41:51.453 [main] FreeAgentModel:189 - Calculating player strength
[INFO ] 2020-11-28 20:41:51.453 [main] PlayerModel:54 - Validating player details
[INFO ] 2020-11-28 20:41:51.453 [main] FreeAgentModel:203 - Validating freeAgent details - name, birthdate, statistics
[INFO ] 2020-11-28 20:41:51.453 [main] FreeAgentModel:248 - validating freeAgent's statistics
[INFO ] 2020-11-28 20:41:51.453 [main] FreeAgentModel:189 - Calculating player strength
[INFO ] 2020-11-28 20:41:51.453 [main] PlayerModel:54 - Validating player details
[INFO ] 2020-11-28 20:41:51.453 [main] FreeAgentModel:203 - Validating freeAgent details - name, birthdate, statistics
[INFO ] 2020-11-28 20:41:51.453 [main] FreeAgentModel:248 - validating freeAgent's statistics
[INFO ] 2020-11-28 20:41:51.454 [main] FreeAgentModel:189 - Calculating player strength
[INFO ] 2020-11-28 20:41:51.454 [main] PlayerModel:54 - Validating player details
[INFO ] 2020-11-28 20:41:51.454 [main] FreeAgentModel:203 - Validating freeAgent details - name, birthdate, statistics
[INFO ] 2020-11-28 20:41:51.454 [main] FreeAgentModel:248 - validating freeAgent's statistics
[INFO ] 2020-11-28 20:41:51.454 [main] FreeAgentModel:189 - Calculating player strength
[INFO ] 2020-11-28 20:41:51.454 [main] PlayerModel:54 - Validating player details
[INFO ] 2020-11-28 20:41:51.454 [main] FreeAgentModel:203 - Validating freeAgent details - name, birthdate, statistics
[INFO ] 2020-11-28 20:41:51.455 [main] FreeAgentModel:248 - validating freeAgent's statistics
[INFO ] 2020-11-28 20:41:51.455 [main] FreeAgentModel:189 - Calculating player strength
[INFO ] 2020-11-28 20:41:51.455 [main] PlayerModel:54 - Validating player details
[INFO ] 2020-11-28 20:41:51.455 [main] FreeAgentModel:203 - Validating freeAgent details - name, birthdate, statistics
[INFO ] 2020-11-28 20:41:51.455 [main] FreeAgentModel:248 - validating freeAgent's statistics
[INFO ] 2020-11-28 20:41:51.455 [main] FreeAgentModel:189 - Calculating player strength
[INFO ] 2020-11-28 20:41:51.455 [main] PlayerModel:54 - Validating player details
[INFO ] 2020-11-28 20:41:51.455 [main] FreeAgentModel:203 - Validating freeAgent details - name, birthdate, statistics
[INFO ] 2020-11-28 20:41:51.455 [main] FreeAgentModel:248 - validating freeAgent's statistics
[INFO ] 2020-11-28 20:41:51.455 [main] FreeAgentModel:189 - Calculating player strength
[INFO ] 2020-11-28 20:41:51.455 [main] PlayerModel:54 - Validating player details
[INFO ] 2020-11-28 20:41:51.455 [main] FreeAgentModel:203 - Validating freeAgent details - name, birthdate, statistics
[INFO ] 2020-11-28 20:41:51.456 [main] FreeAgentModel:248 - validating freeAgent's statistics
[INFO ] 2020-11-28 20:41:51.456 [main] TeamModel:102 - Calculating team strength using players strength
[INFO ] 2020-11-28 20:41:51.456 [main] FreeAgentModel:189 - Calculating player strength
[INFO ] 2020-11-28 20:41:51.456 [main] FreeAgentModel:189 - Calculating player strength
[INFO ] 2020-11-28 20:41:51.456 [main] FreeAgentModel:189 - Calculating player strength
[INFO ] 2020-11-28 20:41:51.456 [main] FreeAgentModel:189 - Calculating player strength
[INFO ] 2020-11-28 20:41:51.456 [main] FreeAgentModel:189 - Calculating player strength
[INFO ] 2020-11-28 20:41:51.456 [main] FreeAgentModel:189 - Calculating player strength
[INFO ] 2020-11-28 20:41:51.456 [main] FreeAgentModel:189 - Calculating player strength
[INFO ] 2020-11-28 20:41:51.456 [main] FreeAgentModel:189 - Calculating player strength
[INFO ] 2020-11-28 20:41:51.457 [main] FreeAgentModel:189 - Calculating player strength
[INFO ] 2020-11-28 20:41:51.457 [main] FreeAgentModel:189 - Calculating player strength
[INFO ] 2020-11-28 20:41:51.457 [main] FreeAgentModel:189 - Calculating player strength
[INFO ] 2020-11-28 20:41:51.457 [main] FreeAgentModel:189 - Calculating player strength
[INFO ] 2020-11-28 20:41:51.457 [main] FreeAgentModel:189 - Calculating player strength
[INFO ] 2020-11-28 20:41:51.457 [main] FreeAgentModel:189 - Calculating player strength
[INFO ] 2020-11-28 20:41:51.457 [main] FreeAgentModel:189 - Calculating player strength
[INFO ] 2020-11-28 20:41:51.457 [main] FreeAgentModel:189 - Calculating player strength
[INFO ] 2020-11-28 20:41:51.457 [main] FreeAgentModel:189 - Calculating player strength
[INFO ] 2020-11-28 20:41:51.457 [main] FreeAgentModel:189 - Calculating player strength
[INFO ] 2020-11-28 20:41:51.457 [main] FreeAgentModel:189 - Calculating player strength
[INFO ] 2020-11-28 20:41:51.457 [main] FreeAgentModel:189 - Calculating player strength
[INFO ] 2020-11-28 20:41:51.458 [main] TeamModel:125 - Validating team details
[INFO ] 2020-11-28 20:41:51.458 [main] FreeAgentModel:203 - Validating freeAgent details - name, birthdate, statistics
[INFO ] 2020-11-28 20:41:51.458 [main] FreeAgentModel:248 - validating freeAgent's statistics
[INFO ] 2020-11-28 20:41:51.458 [main] FreeAgentModel:203 - Validating freeAgent details - name, birthdate, statistics
[INFO ] 2020-11-28 20:41:51.458 [main] FreeAgentModel:248 - validating freeAgent's statistics
[INFO ] 2020-11-28 20:41:51.458 [main] FreeAgentModel:203 - Validating freeAgent details - name, birthdate, statistics
[INFO ] 2020-11-28 20:41:51.458 [main] FreeAgentModel:248 - validating freeAgent's statistics
[INFO ] 2020-11-28 20:41:51.458 [main] FreeAgentModel:203 - Validating freeAgent details - name, birthdate, statistics
[INFO ] 2020-11-28 20:41:51.458 [main] FreeAgentModel:248 - validating freeAgent's statistics
[INFO ] 2020-11-28 20:41:51.459 [main] FreeAgentModel:203 - Validating freeAgent details - name, birthdate, statistics
[INFO ] 2020-11-28 20:41:51.459 [main] FreeAgentModel:248 - validating freeAgent's statistics
[INFO ] 2020-11-28 20:41:51.459 [main] FreeAgentModel:203 - Validating freeAgent details - name, birthdate, statistics
[INFO ] 2020-11-28 20:41:51.459 [main] FreeAgentModel:248 - validating freeAgent's statistics
[INFO ] 2020-11-28 20:41:51.459 [main] FreeAgentModel:203 - Validating freeAgent details - name, birthdate, statistics
[INFO ] 2020-11-28 20:41:51.459 [main] FreeAgentModel:248 - validating freeAgent's statistics
[INFO ] 2020-11-28 20:41:51.459 [main] FreeAgentModel:203 - Validating freeAgent details - name, birthdate, statistics
[INFO ] 2020-11-28 20:41:51.459 [main] FreeAgentModel:248 - validating freeAgent's statistics
[INFO ] 2020-11-28 20:41:51.459 [main] FreeAgentModel:203 - Validating freeAgent details - name, birthdate, statistics
[INFO ] 2020-11-28 20:41:51.459 [main] FreeAgentModel:248 - validating freeAgent's statistics
[INFO ] 2020-11-28 20:41:51.460 [main] FreeAgentModel:203 - Validating freeAgent details - name, birthdate, statistics
[INFO ] 2020-11-28 20:41:51.460 [main] FreeAgentModel:248 - validating freeAgent's statistics
[INFO ] 2020-11-28 20:41:51.460 [main] FreeAgentModel:203 - Validating freeAgent details - name, birthdate, statistics
[INFO ] 2020-11-28 20:41:51.460 [main] FreeAgentModel:248 - validating freeAgent's statistics
[INFO ] 2020-11-28 20:41:51.460 [main] FreeAgentModel:203 - Validating freeAgent details - name, birthdate, statistics
[INFO ] 2020-11-28 20:41:51.460 [main] FreeAgentModel:248 - validating freeAgent's statistics
[INFO ] 2020-11-28 20:41:51.460 [main] FreeAgentModel:203 - Validating freeAgent details - name, birthdate, statistics
[INFO ] 2020-11-28 20:41:51.460 [main] FreeAgentModel:248 - validating freeAgent's statistics
[INFO ] 2020-11-28 20:41:51.461 [main] FreeAgentModel:203 - Validating freeAgent details - name, birthdate, statistics
[INFO ] 2020-11-28 20:41:51.461 [main] FreeAgentModel:248 - validating freeAgent's statistics
[INFO ] 2020-11-28 20:41:51.461 [main] FreeAgentModel:203 - Validating freeAgent details - name, birthdate, statistics
[INFO ] 2020-11-28 20:41:51.461 [main] FreeAgentModel:248 - validating freeAgent's statistics
[INFO ] 2020-11-28 20:41:51.461 [main] FreeAgentModel:203 - Validating freeAgent details - name, birthdate, statistics
[INFO ] 2020-11-28 20:41:51.461 [main] FreeAgentModel:248 - validating freeAgent's statistics
[INFO ] 2020-11-28 20:41:51.461 [main] FreeAgentModel:203 - Validating freeAgent details - name, birthdate, statistics
[INFO ] 2020-11-28 20:41:51.461 [main] FreeAgentModel:248 - validating freeAgent's statistics
[INFO ] 2020-11-28 20:41:51.461 [main] FreeAgentModel:203 - Validating freeAgent details - name, birthdate, statistics
[INFO ] 2020-11-28 20:41:51.461 [main] FreeAgentModel:248 - validating freeAgent's statistics
[INFO ] 2020-11-28 20:41:51.462 [main] FreeAgentModel:203 - Validating freeAgent details - name, birthdate, statistics
[INFO ] 2020-11-28 20:41:51.462 [main] FreeAgentModel:248 - validating freeAgent's statistics
[INFO ] 2020-11-28 20:41:51.462 [main] FreeAgentModel:203 - Validating freeAgent details - name, birthdate, statistics
[INFO ] 2020-11-28 20:41:51.462 [main] FreeAgentModel:248 - validating freeAgent's statistics
[INFO ] 2020-11-28 20:41:51.462 [main] FreeAgentModel:203 - Validating freeAgent details - name, birthdate, statistics
[INFO ] 2020-11-28 20:41:51.462 [main] FreeAgentModel:248 - validating freeAgent's statistics
[INFO ] 2020-11-28 20:41:51.462 [main] FreeAgentModel:203 - Validating freeAgent details - name, birthdate, statistics
[INFO ] 2020-11-28 20:41:51.462 [main] FreeAgentModel:248 - validating freeAgent's statistics
[INFO ] 2020-11-28 20:41:51.462 [main] FreeAgentModel:203 - Validating freeAgent details - name, birthdate, statistics
[INFO ] 2020-11-28 20:41:51.462 [main] FreeAgentModel:248 - validating freeAgent's statistics
[INFO ] 2020-11-28 20:41:51.463 [main] CoachModel:88 - Validating coach details - name and statistics
[INFO ] 2020-11-28 20:41:51.463 [main] CoachModel:116 - Validating coach statistics
[INFO ] 2020-11-28 20:41:51.463 [main] CoachModel:88 - Validating coach details - name and statistics
[INFO ] 2020-11-28 20:41:51.463 [main] CoachModel:116 - Validating coach statistics
[INFO ] 2020-11-28 20:41:51.463 [main] CoachModel:88 - Validating coach details - name and statistics
[INFO ] 2020-11-28 20:41:51.463 [main] CoachModel:116 - Validating coach statistics
[INFO ] 2020-11-28 20:41:51.463 [main] InjuryConfig:45 - Validating injury details
[INFO ] 2020-11-28 20:41:51.464 [main] AgingConfig:45 - Validating aging details
[INFO ] 2020-11-28 20:41:51.464 [main] TradingConfig:45 - Validating trading details
[INFO ] 2020-11-28 20:41:51.465 [main] TrainingConfig:18 - Validating training details
[INFO ] 2020-11-28 20:41:51.466 [main] LeagueModel:208 - Validating league details
[INFO ] 2020-11-28 20:41:51.476 [main] FreeAgentModel:189 - Calculating player strength
[INFO ] 2020-11-28 20:41:51.476 [main] PlayerModel:54 - Validating player details
[INFO ] 2020-11-28 20:41:51.477 [main] FreeAgentModel:203 - Validating freeAgent details - name, birthdate, statistics
[INFO ] 2020-11-28 20:41:51.477 [main] FreeAgentModel:248 - validating freeAgent's statistics
[INFO ] 2020-11-28 20:41:51.477 [main] FreeAgentModel:189 - Calculating player strength
[INFO ] 2020-11-28 20:41:51.477 [main] PlayerModel:54 - Validating player details
[INFO ] 2020-11-28 20:41:51.477 [main] FreeAgentModel:203 - Validating freeAgent details - name, birthdate, statistics
[INFO ] 2020-11-28 20:41:51.477 [main] FreeAgentModel:248 - validating freeAgent's statistics
[INFO ] 2020-11-28 20:41:51.477 [main] FreeAgentModel:189 - Calculating player strength
[INFO ] 2020-11-28 20:41:51.477 [main] PlayerModel:54 - Validating player details
[INFO ] 2020-11-28 20:41:51.477 [main] FreeAgentModel:203 - Validating freeAgent details - name, birthdate, statistics
[INFO ] 2020-11-28 20:41:51.477 [main] FreeAgentModel:248 - validating freeAgent's statistics
[INFO ] 2020-11-28 20:41:51.477 [main] FreeAgentModel:189 - Calculating player strength
[INFO ] 2020-11-28 20:41:51.478 [main] PlayerModel:54 - Validating player details
[INFO ] 2020-11-28 20:41:51.478 [main] FreeAgentModel:203 - Validating freeAgent details - name, birthdate, statistics
[INFO ] 2020-11-28 20:41:51.478 [main] FreeAgentModel:248 - validating freeAgent's statistics
[INFO ] 2020-11-28 20:41:51.478 [main] FreeAgentModel:189 - Calculating player strength
[INFO ] 2020-11-28 20:41:51.478 [main] PlayerModel:54 - Validating player details
[INFO ] 2020-11-28 20:41:51.478 [main] FreeAgentModel:203 - Validating freeAgent details - name, birthdate, statistics
[INFO ] 2020-11-28 20:41:51.478 [main] FreeAgentModel:248 - validating freeAgent's statistics
[INFO ] 2020-11-28 20:41:51.478 [main] FreeAgentModel:189 - Calculating player strength
[INFO ] 2020-11-28 20:41:51.478 [main] PlayerModel:54 - Validating player details
[INFO ] 2020-11-28 20:41:51.478 [main] FreeAgentModel:203 - Validating freeAgent details - name, birthdate, statistics
[INFO ] 2020-11-28 20:41:51.478 [main] FreeAgentModel:248 - validating freeAgent's statistics
[INFO ] 2020-11-28 20:41:51.479 [main] FreeAgentModel:189 - Calculating player strength
[INFO ] 2020-11-28 20:41:51.479 [main] PlayerModel:54 - Validating player details
[INFO ] 2020-11-28 20:41:51.479 [main] FreeAgentModel:203 - Validating freeAgent details - name, birthdate, statistics
[INFO ] 2020-11-28 20:41:51.479 [main] FreeAgentModel:248 - validating freeAgent's statistics
[INFO ] 2020-11-28 20:41:51.479 [main] FreeAgentModel:189 - Calculating player strength
[INFO ] 2020-11-28 20:41:51.479 [main] PlayerModel:54 - Validating player details
[INFO ] 2020-11-28 20:41:51.479 [main] FreeAgentModel:203 - Validating freeAgent details - name, birthdate, statistics
[INFO ] 2020-11-28 20:41:51.479 [main] FreeAgentModel:248 - validating freeAgent's statistics
[INFO ] 2020-11-28 20:41:51.479 [main] FreeAgentModel:189 - Calculating player strength
[INFO ] 2020-11-28 20:41:51.479 [main] PlayerModel:54 - Validating player details
[INFO ] 2020-11-28 20:41:51.479 [main] FreeAgentModel:203 - Validating freeAgent details - name, birthdate, statistics
[INFO ] 2020-11-28 20:41:51.480 [main] FreeAgentModel:248 - validating freeAgent's statistics
[INFO ] 2020-11-28 20:41:51.480 [main] FreeAgentModel:189 - Calculating player strength
[INFO ] 2020-11-28 20:41:51.480 [main] PlayerModel:54 - Validating player details
[INFO ] 2020-11-28 20:41:51.480 [main] FreeAgentModel:203 - Validating freeAgent details - name, birthdate, statistics
[INFO ] 2020-11-28 20:41:51.480 [main] FreeAgentModel:248 - validating freeAgent's statistics
[INFO ] 2020-11-28 20:41:51.480 [main] FreeAgentModel:189 - Calculating player strength
[INFO ] 2020-11-28 20:41:51.480 [main] PlayerModel:54 - Validating player details
[INFO ] 2020-11-28 20:41:51.480 [main] FreeAgentModel:203 - Validating freeAgent details - name, birthdate, statistics
[INFO ] 2020-11-28 20:41:51.480 [main] FreeAgentModel:248 - validating freeAgent's statistics
[INFO ] 2020-11-28 20:41:51.480 [main] FreeAgentModel:189 - Calculating player strength
[INFO ] 2020-11-28 20:41:51.481 [main] PlayerModel:54 - Validating player details
[INFO ] 2020-11-28 20:41:51.481 [main] FreeAgentModel:203 - Validating freeAgent details - name, birthdate, statistics
[INFO ] 2020-11-28 20:41:51.481 [main] FreeAgentModel:248 - validating freeAgent's statistics
[INFO ] 2020-11-28 20:41:51.481 [main] FreeAgentModel:189 - Calculating player strength
[INFO ] 2020-11-28 20:41:51.481 [main] PlayerModel:54 - Validating player details
[INFO ] 2020-11-28 20:41:51.481 [main] FreeAgentModel:203 - Validating freeAgent details - name, birthdate, statistics
[INFO ] 2020-11-28 20:41:51.481 [main] FreeAgentModel:248 - validating freeAgent's statistics
[INFO ] 2020-11-28 20:41:51.481 [main] FreeAgentModel:189 - Calculating player strength
[INFO ] 2020-11-28 20:41:51.481 [main] PlayerModel:54 - Validating player details
[INFO ] 2020-11-28 20:41:51.481 [main] FreeAgentModel:203 - Validating freeAgent details - name, birthdate, statistics
[INFO ] 2020-11-28 20:41:51.481 [main] FreeAgentModel:248 - validating freeAgent's statistics
[INFO ] 2020-11-28 20:41:51.482 [main] FreeAgentModel:189 - Calculating player strength
[INFO ] 2020-11-28 20:41:51.482 [main] PlayerModel:54 - Validating player details
[INFO ] 2020-11-28 20:41:51.482 [main] FreeAgentModel:203 - Validating freeAgent details - name, birthdate, statistics
[INFO ] 2020-11-28 20:41:51.482 [main] FreeAgentModel:248 - validating freeAgent's statistics
[INFO ] 2020-11-28 20:41:51.482 [main] FreeAgentModel:189 - Calculating player strength
[INFO ] 2020-11-28 20:41:51.482 [main] PlayerModel:54 - Validating player details
[INFO ] 2020-11-28 20:41:51.482 [main] FreeAgentModel:203 - Validating freeAgent details - name, birthdate, statistics
[INFO ] 2020-11-28 20:41:51.482 [main] FreeAgentModel:248 - validating freeAgent's statistics
[INFO ] 2020-11-28 20:41:51.482 [main] FreeAgentModel:189 - Calculating player strength
[INFO ] 2020-11-28 20:41:51.482 [main] PlayerModel:54 - Validating player details
[INFO ] 2020-11-28 20:41:51.482 [main] FreeAgentModel:203 - Validating freeAgent details - name, birthdate, statistics
[INFO ] 2020-11-28 20:41:51.482 [main] FreeAgentModel:248 - validating freeAgent's statistics
[INFO ] 2020-11-28 20:41:51.483 [main] FreeAgentModel:189 - Calculating player strength
[INFO ] 2020-11-28 20:41:51.483 [main] PlayerModel:54 - Validating player details
[INFO ] 2020-11-28 20:41:51.484 [main] FreeAgentModel:203 - Validating freeAgent details - name, birthdate, statistics
[INFO ] 2020-11-28 20:41:51.484 [main] FreeAgentModel:248 - validating freeAgent's statistics
[INFO ] 2020-11-28 20:41:51.484 [main] FreeAgentModel:189 - Calculating player strength
[INFO ] 2020-11-28 20:41:51.484 [main] PlayerModel:54 - Validating player details
[INFO ] 2020-11-28 20:41:51.484 [main] FreeAgentModel:203 - Validating freeAgent details - name, birthdate, statistics
[INFO ] 2020-11-28 20:41:51.484 [main] FreeAgentModel:248 - validating freeAgent's statistics
[INFO ] 2020-11-28 20:41:51.484 [main] FreeAgentModel:189 - Calculating player strength
[INFO ] 2020-11-28 20:41:51.484 [main] PlayerModel:54 - Validating player details
[INFO ] 2020-11-28 20:41:51.485 [main] FreeAgentModel:203 - Validating freeAgent details - name, birthdate, statistics
[INFO ] 2020-11-28 20:41:51.485 [main] FreeAgentModel:248 - validating freeAgent's statistics
[INFO ] 2020-11-28 20:41:51.485 [main] TeamModel:102 - Calculating team strength using players strength
[INFO ] 2020-11-28 20:41:51.485 [main] FreeAgentModel:189 - Calculating player strength
[INFO ] 2020-11-28 20:41:51.485 [main] FreeAgentModel:189 - Calculating player strength
[INFO ] 2020-11-28 20:41:51.485 [main] FreeAgentModel:189 - Calculating player strength
[INFO ] 2020-11-28 20:41:51.485 [main] FreeAgentModel:189 - Calculating player strength
[INFO ] 2020-11-28 20:41:51.485 [main] FreeAgentModel:189 - Calculating player strength
[INFO ] 2020-11-28 20:41:51.485 [main] FreeAgentModel:189 - Calculating player strength
[INFO ] 2020-11-28 20:41:51.485 [main] FreeAgentModel:189 - Calculating player strength
[INFO ] 2020-11-28 20:41:51.485 [main] FreeAgentModel:189 - Calculating player strength
[INFO ] 2020-11-28 20:41:51.486 [main] FreeAgentModel:189 - Calculating player strength
[INFO ] 2020-11-28 20:41:51.486 [main] FreeAgentModel:189 - Calculating player strength
[INFO ] 2020-11-28 20:41:51.486 [main] FreeAgentModel:189 - Calculating player strength
[INFO ] 2020-11-28 20:41:51.486 [main] FreeAgentModel:189 - Calculating player strength
[INFO ] 2020-11-28 20:41:51.486 [main] FreeAgentModel:189 - Calculating player strength
[INFO ] 2020-11-28 20:41:51.486 [main] FreeAgentModel:189 - Calculating player strength
[INFO ] 2020-11-28 20:41:51.487 [main] FreeAgentModel:189 - Calculating player strength
[INFO ] 2020-11-28 20:41:51.487 [main] FreeAgentModel:189 - Calculating player strength
[INFO ] 2020-11-28 20:41:51.487 [main] FreeAgentModel:189 - Calculating player strength
[INFO ] 2020-11-28 20:41:51.487 [main] FreeAgentModel:189 - Calculating player strength
[INFO ] 2020-11-28 20:41:51.487 [main] FreeAgentModel:189 - Calculating player strength
[INFO ] 2020-11-28 20:41:51.487 [main] FreeAgentModel:189 - Calculating player strength
[INFO ] 2020-11-28 20:41:51.488 [main] TeamModel:125 - Validating team details
[INFO ] 2020-11-28 20:41:51.488 [main] FreeAgentModel:189 - Calculating player strength
[INFO ] 2020-11-28 20:41:51.488 [main] PlayerModel:54 - Validating player details
[INFO ] 2020-11-28 20:41:51.488 [main] FreeAgentModel:203 - Validating freeAgent details - name, birthdate, statistics
[INFO ] 2020-11-28 20:41:51.488 [main] FreeAgentModel:248 - validating freeAgent's statistics
[INFO ] 2020-11-28 20:41:51.489 [main] FreeAgentModel:189 - Calculating player strength
[INFO ] 2020-11-28 20:41:51.489 [main] PlayerModel:54 - Validating player details
[INFO ] 2020-11-28 20:41:51.489 [main] FreeAgentModel:203 - Validating freeAgent details - name, birthdate, statistics
[INFO ] 2020-11-28 20:41:51.489 [main] FreeAgentModel:248 - validating freeAgent's statistics
[INFO ] 2020-11-28 20:41:51.489 [main] FreeAgentModel:189 - Calculating player strength
[INFO ] 2020-11-28 20:41:51.489 [main] PlayerModel:54 - Validating player details
[INFO ] 2020-11-28 20:41:51.489 [main] FreeAgentModel:203 - Validating freeAgent details - name, birthdate, statistics
[INFO ] 2020-11-28 20:41:51.489 [main] FreeAgentModel:248 - validating freeAgent's statistics
[INFO ] 2020-11-28 20:41:51.490 [main] FreeAgentModel:189 - Calculating player strength
[INFO ] 2020-11-28 20:41:51.490 [main] PlayerModel:54 - Validating player details
[INFO ] 2020-11-28 20:41:51.490 [main] FreeAgentModel:203 - Validating freeAgent details - name, birthdate, statistics
[INFO ] 2020-11-28 20:41:51.490 [main] FreeAgentModel:248 - validating freeAgent's statistics
[INFO ] 2020-11-28 20:41:51.490 [main] FreeAgentModel:189 - Calculating player strength
[INFO ] 2020-11-28 20:41:51.490 [main] PlayerModel:54 - Validating player details
[INFO ] 2020-11-28 20:41:51.490 [main] FreeAgentModel:203 - Validating freeAgent details - name, birthdate, statistics
[INFO ] 2020-11-28 20:41:51.490 [main] FreeAgentModel:248 - validating freeAgent's statistics
[INFO ] 2020-11-28 20:41:51.491 [main] FreeAgentModel:189 - Calculating player strength
[INFO ] 2020-11-28 20:41:51.491 [main] PlayerModel:54 - Validating player details
[INFO ] 2020-11-28 20:41:51.491 [main] FreeAgentModel:203 - Validating freeAgent details - name, birthdate, statistics
[INFO ] 2020-11-28 20:41:51.491 [main] FreeAgentModel:248 - validating freeAgent's statistics
[INFO ] 2020-11-28 20:41:51.491 [main] FreeAgentModel:189 - Calculating player strength
[INFO ] 2020-11-28 20:41:51.491 [main] PlayerModel:54 - Validating player details
[INFO ] 2020-11-28 20:41:51.491 [main] FreeAgentModel:203 - Validating freeAgent details - name, birthdate, statistics
[INFO ] 2020-11-28 20:41:51.492 [main] FreeAgentModel:248 - validating freeAgent's statistics
[INFO ] 2020-11-28 20:41:51.492 [main] FreeAgentModel:189 - Calculating player strength
[INFO ] 2020-11-28 20:41:51.492 [main] PlayerModel:54 - Validating player details
[INFO ] 2020-11-28 20:41:51.492 [main] FreeAgentModel:203 - Validating freeAgent details - name, birthdate, statistics
[INFO ] 2020-11-28 20:41:51.492 [main] FreeAgentModel:248 - validating freeAgent's statistics
[INFO ] 2020-11-28 20:41:51.492 [main] FreeAgentModel:189 - Calculating player strength
[INFO ] 2020-11-28 20:41:51.492 [main] PlayerModel:54 - Validating player details
[INFO ] 2020-11-28 20:41:51.492 [main] FreeAgentModel:203 - Validating freeAgent details - name, birthdate, statistics
[INFO ] 2020-11-28 20:41:51.493 [main] FreeAgentModel:248 - validating freeAgent's statistics
[INFO ] 2020-11-28 20:41:51.493 [main] FreeAgentModel:189 - Calculating player strength
[INFO ] 2020-11-28 20:41:51.493 [main] PlayerModel:54 - Validating player details
[INFO ] 2020-11-28 20:41:51.493 [main] FreeAgentModel:203 - Validating freeAgent details - name, birthdate, statistics
[INFO ] 2020-11-28 20:41:51.493 [main] FreeAgentModel:248 - validating freeAgent's statistics
[INFO ] 2020-11-28 20:41:51.493 [main] FreeAgentModel:189 - Calculating player strength
[INFO ] 2020-11-28 20:41:51.494 [main] PlayerModel:54 - Validating player details
[INFO ] 2020-11-28 20:41:51.494 [main] FreeAgentModel:203 - Validating freeAgent details - name, birthdate, statistics
[INFO ] 2020-11-28 20:41:51.494 [main] FreeAgentModel:248 - validating freeAgent's statistics
[INFO ] 2020-11-28 20:41:51.494 [main] FreeAgentModel:189 - Calculating player strength
[INFO ] 2020-11-28 20:41:51.494 [main] PlayerModel:54 - Validating player details
[INFO ] 2020-11-28 20:41:51.494 [main] FreeAgentModel:203 - Validating freeAgent details - name, birthdate, statistics
[INFO ] 2020-11-28 20:41:51.494 [main] FreeAgentModel:248 - validating freeAgent's statistics
[INFO ] 2020-11-28 20:41:51.494 [main] FreeAgentModel:189 - Calculating player strength
[INFO ] 2020-11-28 20:41:51.495 [main] PlayerModel:54 - Validating player details
[INFO ] 2020-11-28 20:41:51.495 [main] FreeAgentModel:203 - Validating freeAgent details - name, birthdate, statistics
[INFO ] 2020-11-28 20:41:51.495 [main] FreeAgentModel:248 - validating freeAgent's statistics
[INFO ] 2020-11-28 20:41:51.495 [main] FreeAgentModel:189 - Calculating player strength
[INFO ] 2020-11-28 20:41:51.495 [main] PlayerModel:54 - Validating player details
[INFO ] 2020-11-28 20:41:51.495 [main] FreeAgentModel:203 - Validating freeAgent details - name, birthdate, statistics
[INFO ] 2020-11-28 20:41:51.495 [main] FreeAgentModel:248 - validating freeAgent's statistics
[INFO ] 2020-11-28 20:41:51.495 [main] FreeAgentModel:189 - Calculating player strength
[INFO ] 2020-11-28 20:41:51.496 [main] PlayerModel:54 - Validating player details
[INFO ] 2020-11-28 20:41:51.496 [main] FreeAgentModel:203 - Validating freeAgent details - name, birthdate, statistics
[INFO ] 2020-11-28 20:41:51.496 [main] FreeAgentModel:248 - validating freeAgent's statistics
[INFO ] 2020-11-28 20:41:51.496 [main] FreeAgentModel:189 - Calculating player strength
[INFO ] 2020-11-28 20:41:51.496 [main] PlayerModel:54 - Validating player details
[INFO ] 2020-11-28 20:41:51.496 [main] FreeAgentModel:203 - Validating freeAgent details - name, birthdate, statistics
[INFO ] 2020-11-28 20:41:51.496 [main] FreeAgentModel:248 - validating freeAgent's statistics
[INFO ] 2020-11-28 20:41:51.496 [main] FreeAgentModel:189 - Calculating player strength
[INFO ] 2020-11-28 20:41:51.496 [main] PlayerModel:54 - Validating player details
[INFO ] 2020-11-28 20:41:51.497 [main] FreeAgentModel:203 - Validating freeAgent details - name, birthdate, statistics
[INFO ] 2020-11-28 20:41:51.497 [main] FreeAgentModel:248 - validating freeAgent's statistics
[INFO ] 2020-11-28 20:41:51.497 [main] FreeAgentModel:189 - Calculating player strength
[INFO ] 2020-11-28 20:41:51.497 [main] PlayerModel:54 - Validating player details
[INFO ] 2020-11-28 20:41:51.497 [main] FreeAgentModel:203 - Validating freeAgent details - name, birthdate, statistics
[INFO ] 2020-11-28 20:41:51.497 [main] FreeAgentModel:248 - validating freeAgent's statistics
[INFO ] 2020-11-28 20:41:51.497 [main] FreeAgentModel:189 - Calculating player strength
[INFO ] 2020-11-28 20:41:51.498 [main] PlayerModel:54 - Validating player details
[INFO ] 2020-11-28 20:41:51.498 [main] FreeAgentModel:203 - Validating freeAgent details - name, birthdate, statistics
[INFO ] 2020-11-28 20:41:51.498 [main] FreeAgentModel:248 - validating freeAgent's statistics
[INFO ] 2020-11-28 20:41:51.498 [main] FreeAgentModel:189 - Calculating player strength
[INFO ] 2020-11-28 20:41:51.498 [main] PlayerModel:54 - Validating player details
[INFO ] 2020-11-28 20:41:51.498 [main] FreeAgentModel:203 - Validating freeAgent details - name, birthdate, statistics
[INFO ] 2020-11-28 20:41:51.498 [main] FreeAgentModel:248 - validating freeAgent's statistics
[INFO ] 2020-11-28 20:41:51.498 [main] TeamModel:102 - Calculating team strength using players strength
[INFO ] 2020-11-28 20:41:51.499 [main] FreeAgentModel:189 - Calculating player strength
[INFO ] 2020-11-28 20:41:51.499 [main] FreeAgentModel:189 - Calculating player strength
[INFO ] 2020-11-28 20:41:51.499 [main] FreeAgentModel:189 - Calculating player strength
[INFO ] 2020-11-28 20:41:51.499 [main] FreeAgentModel:189 - Calculating player strength
[INFO ] 2020-11-28 20:41:51.499 [main] FreeAgentModel:189 - Calculating player strength
[INFO ] 2020-11-28 20:41:51.499 [main] FreeAgentModel:189 - Calculating player strength
[INFO ] 2020-11-28 20:41:51.499 [main] FreeAgentModel:189 - Calculating player strength
[INFO ] 2020-11-28 20:41:51.499 [main] FreeAgentModel:189 - Calculating player strength
[INFO ] 2020-11-28 20:41:51.500 [main] FreeAgentModel:189 - Calculating player strength
[INFO ] 2020-11-28 20:41:51.500 [main] FreeAgentModel:189 - Calculating player strength
[INFO ] 2020-11-28 20:41:51.500 [main] FreeAgentModel:189 - Calculating player strength
[INFO ] 2020-11-28 20:41:51.500 [main] FreeAgentModel:189 - Calculating player strength
[INFO ] 2020-11-28 20:41:51.500 [main] FreeAgentModel:189 - Calculating player strength
[INFO ] 2020-11-28 20:41:51.500 [main] FreeAgentModel:189 - Calculating player strength
[INFO ] 2020-11-28 20:41:51.500 [main] FreeAgentModel:189 - Calculating player strength
[INFO ] 2020-11-28 20:41:51.500 [main] FreeAgentModel:189 - Calculating player strength
[INFO ] 2020-11-28 20:41:51.501 [main] FreeAgentModel:189 - Calculating player strength
[INFO ] 2020-11-28 20:41:51.501 [main] FreeAgentModel:189 - Calculating player strength
[INFO ] 2020-11-28 20:41:51.501 [main] FreeAgentModel:189 - Calculating player strength
[INFO ] 2020-11-28 20:41:51.501 [main] FreeAgentModel:189 - Calculating player strength
[INFO ] 2020-11-28 20:41:51.501 [main] TeamModel:125 - Validating team details
[INFO ] 2020-11-28 20:41:51.501 [main] FreeAgentModel:203 - Validating freeAgent details - name, birthdate, statistics
[INFO ] 2020-11-28 20:41:51.502 [main] FreeAgentModel:248 - validating freeAgent's statistics
[INFO ] 2020-11-28 20:41:51.502 [main] FreeAgentModel:203 - Validating freeAgent details - name, birthdate, statistics
[INFO ] 2020-11-28 20:41:51.502 [main] FreeAgentModel:248 - validating freeAgent's statistics
[INFO ] 2020-11-28 20:41:51.502 [main] FreeAgentModel:203 - Validating freeAgent details - name, birthdate, statistics
[INFO ] 2020-11-28 20:41:51.502 [main] FreeAgentModel:248 - validating freeAgent's statistics
[INFO ] 2020-11-28 20:41:51.502 [main] CoachModel:88 - Validating coach details - name and statistics
[INFO ] 2020-11-28 20:41:51.502 [main] CoachModel:116 - Validating coach statistics
[INFO ] 2020-11-28 20:41:51.503 [main] CoachModel:88 - Validating coach details - name and statistics
[INFO ] 2020-11-28 20:41:51.503 [main] CoachModel:116 - Validating coach statistics
[INFO ] 2020-11-28 20:41:51.503 [main] CoachModel:88 - Validating coach details - name and statistics
[INFO ] 2020-11-28 20:41:51.503 [main] CoachModel:116 - Validating coach statistics
[INFO ] 2020-11-28 20:41:51.503 [main] LeagueModel:208 - Validating league details
[INFO ] 2020-11-28 20:41:51.507 [main] InjuryConfig:45 - Validating injury details
[INFO ] 2020-11-28 20:41:51.508 [main] InjuryConfig:45 - Validating injury details
[INFO ] 2020-11-28 20:41:51.509 [main] InjuryConfig:45 - Validating injury details
[INFO ] 2020-11-28 20:41:51.543 [main] TrainingConfig:18 - Validating training details
[INFO ] 2020-11-28 20:41:51.544 [main] TrainingConfig:18 - Validating training details
[INFO ] 2020-11-28 20:41:51.544 [main] TrainingConfig:18 - Validating training details
[INFO ] 2020-11-28 20:41:51.547 [main] FreeAgentModel:189 - Calculating player strength
[INFO ] 2020-11-28 20:41:51.548 [main] PlayerInjury:14 - Check whether player is injured or not
[INFO ] 2020-11-28 20:41:51.548 [main] PlayerInjury:14 - Check whether player is injured or not
[INFO ] 2020-11-28 20:41:51.548 [main] FreeAgentModel:189 - Calculating player strength
[INFO ] 2020-11-28 20:41:51.548 [main] PlayerInjury:14 - Check whether player is injured or not
[INFO ] 2020-11-28 20:41:51.549 [main] PlayerInjury:14 - Check whether player is injured or not
[INFO ] 2020-11-28 20:41:51.549 [main] FreeAgentModel:189 - Calculating player strength
[INFO ] 2020-11-28 20:41:51.549 [main] PlayerInjury:14 - Check whether player is injured or not
[INFO ] 2020-11-28 20:41:51.549 [main] PlayerInjury:14 - Check whether player is injured or not
[INFO ] 2020-11-28 20:41:51.550 [main] PlayerInjury:14 - Check whether player is injured or not
[INFO ] 2020-11-28 20:41:51.550 [main] FreeAgentModel:189 - Calculating player strength
[INFO ] 2020-11-28 20:41:51.550 [main] PlayerInjury:14 - Check whether player is injured or not
[INFO ] 2020-11-28 20:41:51.551 [main] PlayerInjury:14 - Check whether player is injured or not
[INFO ] 2020-11-28 20:41:51.551 [main] PlayerInjury:14 - Check whether player is injured or not
[INFO ] 2020-11-28 20:41:51.551 [main] FreeAgentModel:189 - Calculating player strength
[INFO ] 2020-11-28 20:41:51.551 [main] PlayerInjury:14 - Check whether player is injured or not
[INFO ] 2020-11-28 20:41:51.551 [main] PlayerInjury:14 - Check whether player is injured or not
[INFO ] 2020-11-28 20:41:51.551 [main] FreeAgentModel:189 - Calculating player strength
[INFO ] 2020-11-28 20:41:51.552 [main] PlayerInjury:14 - Check whether player is injured or not
[INFO ] 2020-11-28 20:41:51.552 [main] PlayerInjury:14 - Check whether player is injured or not
[INFO ] 2020-11-28 20:41:51.552 [main] FreeAgentModel:189 - Calculating player strength
[INFO ] 2020-11-28 20:41:51.552 [main] PlayerInjury:14 - Check whether player is injured or not
[INFO ] 2020-11-28 20:41:51.552 [main] FreeAgentModel:189 - Calculating player strength
[INFO ] 2020-11-28 20:41:51.552 [main] PlayerInjury:14 - Check whether player is injured or not
[INFO ] 2020-11-28 20:41:51.553 [main] PlayerInjury:14 - Check whether player is injured or not
[INFO ] 2020-11-28 20:41:51.553 [main] FreeAgentModel:189 - Calculating player strength
[INFO ] 2020-11-28 20:41:51.553 [main] PlayerInjury:14 - Check whether player is injured or not
[INFO ] 2020-11-28 20:41:51.553 [main] PlayerInjury:14 - Check whether player is injured or not
[INFO ] 2020-11-28 20:41:51.553 [main] PlayerInjury:14 - Check whether player is injured or not
[INFO ] 2020-11-28 20:41:51.553 [main] FreeAgentModel:189 - Calculating player strength
[INFO ] 2020-11-28 20:41:51.554 [main] PlayerInjury:14 - Check whether player is injured or not
[INFO ] 2020-11-28 20:41:51.554 [main] PlayerInjury:14 - Check whether player is injured or not
[INFO ] 2020-11-28 20:41:51.554 [main] PlayerInjury:14 - Check whether player is injured or not
[INFO ] 2020-11-28 20:41:51.554 [main] PlayerInjury:14 - Check whether player is injured or not
[INFO ] 2020-11-28 20:41:51.554 [main] FreeAgentModel:189 - Calculating player strength
[INFO ] 2020-11-28 20:41:51.554 [main] PlayerInjury:14 - Check whether player is injured or not
[INFO ] 2020-11-28 20:41:51.554 [main] PlayerInjury:14 - Check whether player is injured or not
[INFO ] 2020-11-28 20:41:51.555 [main] FreeAgentModel:189 - Calculating player strength
[INFO ] 2020-11-28 20:41:51.555 [main] FreeAgentModel:189 - Calculating player strength
[INFO ] 2020-11-28 20:41:51.555 [main] PlayerInjury:14 - Check whether player is injured or not
[INFO ] 2020-11-28 20:41:51.555 [main] PlayerInjury:14 - Check whether player is injured or not
[INFO ] 2020-11-28 20:41:51.555 [main] FreeAgentModel:189 - Calculating player strength
[INFO ] 2020-11-28 20:41:51.555 [main] PlayerInjury:14 - Check whether player is injured or not
[INFO ] 2020-11-28 20:41:51.555 [main] PlayerInjury:14 - Check whether player is injured or not
[INFO ] 2020-11-28 20:41:51.556 [main] FreeAgentModel:189 - Calculating player strength
[INFO ] 2020-11-28 20:41:51.556 [main] PlayerInjury:14 - Check whether player is injured or not
[INFO ] 2020-11-28 20:41:51.556 [main] FreeAgentModel:189 - Calculating player strength
[INFO ] 2020-11-28 20:41:51.557 [main] PlayerInjury:14 - Check whether player is injured or not
[INFO ] 2020-11-28 20:41:51.557 [main] PlayerInjury:14 - Check whether player is injured or not
[INFO ] 2020-11-28 20:41:51.558 [main] FreeAgentModel:189 - Calculating player strength
[INFO ] 2020-11-28 20:41:51.558 [main] PlayerInjury:14 - Check whether player is injured or not
[INFO ] 2020-11-28 20:41:51.558 [main] PlayerInjury:14 - Check whether player is injured or not
[INFO ] 2020-11-28 20:41:51.558 [main] PlayerInjury:14 - Check whether player is injured or not
[INFO ] 2020-11-28 20:41:51.558 [main] FreeAgentModel:189 - Calculating player strength
[INFO ] 2020-11-28 20:41:51.559 [main] PlayerInjury:14 - Check whether player is injured or not
[INFO ] 2020-11-28 20:41:51.559 [main] FreeAgentModel:189 - Calculating player strength
[INFO ] 2020-11-28 20:41:51.559 [main] PlayerInjury:14 - Check whether player is injured or not
[INFO ] 2020-11-28 20:41:51.559 [main] PlayerInjury:14 - Check whether player is injured or not
[INFO ] 2020-11-28 20:41:51.559 [main] FreeAgentModel:189 - Calculating player strength
[INFO ] 2020-11-28 20:41:51.559 [main] PlayerInjury:14 - Check whether player is injured or not
[INFO ] 2020-11-28 20:41:51.560 [main] PlayerInjury:14 - Check whether player is injured or not
[INFO ] 2020-11-28 20:41:51.560 [main] FreeAgentModel:189 - Calculating player strength
[INFO ] 2020-11-28 20:41:51.560 [main] PlayerInjury:14 - Check whether player is injured or not
[INFO ] 2020-11-28 20:41:51.560 [main] PlayerInjury:14 - Check whether player is injured or not
[INFO ] 2020-11-28 20:41:51.560 [main] FreeAgentModel:189 - Calculating player strength
[INFO ] 2020-11-28 20:41:51.560 [main] PlayerInjury:14 - Check whether player is injured or not
[INFO ] 2020-11-28 20:41:51.560 [main] PlayerInjury:14 - Check whether player is injured or not
[INFO ] 2020-11-28 20:41:51.561 [main] FreeAgentModel:189 - Calculating player strength
[INFO ] 2020-11-28 20:41:51.561 [main] PlayerInjury:14 - Check whether player is injured or not
[INFO ] 2020-11-28 20:41:51.561 [main] PlayerInjury:14 - Check whether player is injured or not
[INFO ] 2020-11-28 20:41:51.561 [main] FreeAgentModel:189 - Calculating player strength
[INFO ] 2020-11-28 20:41:51.561 [main] PlayerInjury:14 - Check whether player is injured or not
[INFO ] 2020-11-28 20:41:51.562 [main] PlayerInjury:14 - Check whether player is injured or not
[INFO ] 2020-11-28 20:41:51.562 [main] FreeAgentModel:189 - Calculating player strength
[INFO ] 2020-11-28 20:41:51.562 [main] PlayerInjury:14 - Check whether player is injured or not
[INFO ] 2020-11-28 20:41:51.562 [main] PlayerInjury:14 - Check whether player is injured or not
[INFO ] 2020-11-28 20:41:51.562 [main] PlayerInjury:14 - Check whether player is injured or not
[INFO ] 2020-11-28 20:41:51.562 [main] FreeAgentModel:189 - Calculating player strength
[INFO ] 2020-11-28 20:41:51.563 [main] PlayerInjury:14 - Check whether player is injured or not
[INFO ] 2020-11-28 20:41:51.563 [main] PlayerInjury:14 - Check whether player is injured or not
[INFO ] 2020-11-28 20:41:51.563 [main] FreeAgentModel:189 - Calculating player strength
[INFO ] 2020-11-28 20:41:51.563 [main] PlayerInjury:14 - Check whether player is injured or not
[INFO ] 2020-11-28 20:41:51.563 [main] PlayerInjury:14 - Check whether player is injured or not
[INFO ] 2020-11-28 20:41:51.563 [main] FreeAgentModel:189 - Calculating player strength
[INFO ] 2020-11-28 20:41:51.564 [main] FreeAgentModel:189 - Calculating player strength
[INFO ] 2020-11-28 20:41:51.564 [main] PlayerInjury:14 - Check whether player is injured or not
[INFO ] 2020-11-28 20:41:51.564 [main] PlayerInjury:14 - Check whether player is injured or not
[INFO ] 2020-11-28 20:41:51.564 [main] FreeAgentModel:189 - Calculating player strength
[INFO ] 2020-11-28 20:41:51.564 [main] PlayerInjury:14 - Check whether player is injured or not
[INFO ] 2020-11-28 20:41:51.565 [main] PlayerInjury:14 - Check whether player is injured or not
[INFO ] 2020-11-28 20:41:51.565 [main] PlayerInjury:14 - Check whether player is injured or not
[INFO ] 2020-11-28 20:41:51.565 [main] FreeAgentModel:189 - Calculating player strength
[INFO ] 2020-11-28 20:41:51.565 [main] PlayerInjury:14 - Check whether player is injured or not
[INFO ] 2020-11-28 20:41:51.565 [main] PlayerInjury:14 - Check whether player is injured or not
[INFO ] 2020-11-28 20:41:51.566 [main] PlayerInjury:14 - Check whether player is injured or not
[INFO ] 2020-11-28 20:41:51.566 [main] FreeAgentModel:189 - Calculating player strength
[INFO ] 2020-11-28 20:41:51.567 [main] PlayerInjury:14 - Check whether player is injured or not
[INFO ] 2020-11-28 20:41:51.568 [main] FreeAgentModel:189 - Calculating player strength
[INFO ] 2020-11-28 20:41:51.568 [main] PlayerInjury:14 - Check whether player is injured or not
[INFO ] 2020-11-28 20:41:51.568 [main] PlayerInjury:14 - Check whether player is injured or not
[INFO ] 2020-11-28 20:41:51.569 [main] FreeAgentModel:189 - Calculating player strength
[INFO ] 2020-11-28 20:41:51.569 [main] FreeAgentModel:189 - Calculating player strength
[INFO ] 2020-11-28 20:41:51.569 [main] PlayerInjury:14 - Check whether player is injured or not
[INFO ] 2020-11-28 20:41:51.569 [main] PlayerInjury:14 - Check whether player is injured or not
[INFO ] 2020-11-28 20:41:51.569 [main] FreeAgentModel:189 - Calculating player strength
[INFO ] 2020-11-28 20:41:51.570 [main] PlayerInjury:14 - Check whether player is injured or not
[INFO ] 2020-11-28 20:41:51.570 [main] PlayerInjury:14 - Check whether player is injured or not
[INFO ] 2020-11-28 20:41:51.570 [main] PlayerInjury:14 - Check whether player is injured or not
[INFO ] 2020-11-28 20:41:51.570 [main] PlayerInjury:14 - Check whether player is injured or not
[INFO ] 2020-11-28 20:41:51.570 [main] FreeAgentModel:189 - Calculating player strength
[INFO ] 2020-11-28 20:41:51.570 [main] PlayerInjury:14 - Check whether player is injured or not
[INFO ] 2020-11-28 20:41:51.570 [main] PlayerInjury:14 - Check whether player is injured or not
[INFO ] 2020-11-28 20:41:51.571 [main] FreeAgentModel:189 - Calculating player strength
[INFO ] 2020-11-28 20:41:51.571 [main] PlayerInjury:14 - Check whether player is injured or not
[INFO ] 2020-11-28 20:41:51.571 [main] PlayerInjury:14 - Check whether player is injured or not
[INFO ] 2020-11-28 20:41:51.571 [main] PlayerInjury:14 - Check whether player is injured or not
[INFO ] 2020-11-28 20:41:51.571 [main] FreeAgentModel:189 - Calculating player strength
[INFO ] 2020-11-28 20:41:51.571 [main] PlayerInjury:14 - Check whether player is injured or not
[INFO ] 2020-11-28 20:41:51.572 [main] PlayerInjury:14 - Check whether player is injured or not
[INFO ] 2020-11-28 20:41:51.572 [main] PlayerInjury:14 - Check whether player is injured or not
[INFO ] 2020-11-28 20:41:51.572 [main] FreeAgentModel:189 - Calculating player strength
[INFO ] 2020-11-28 20:41:51.572 [main] PlayerInjury:14 - Check whether player is injured or not
[INFO ] 2020-11-28 20:41:51.572 [main] FreeAgentModel:189 - Calculating player strength
[INFO ] 2020-11-28 20:41:51.572 [main] PlayerInjury:14 - Check whether player is injured or not
[INFO ] 2020-11-28 20:41:51.572 [main] FreeAgentModel:189 - Calculating player strength
[INFO ] 2020-11-28 20:41:51.573 [main] PlayerInjury:14 - Check whether player is injured or not
[INFO ] 2020-11-28 20:41:51.573 [main] PlayerInjury:14 - Check whether player is injured or not
[INFO ] 2020-11-28 20:41:51.573 [main] FreeAgentModel:189 - Calculating player strength
[INFO ] 2020-11-28 20:41:51.573 [main] PlayerInjury:14 - Check whether player is injured or not
[INFO ] 2020-11-28 20:41:51.573 [main] FreeAgentModel:189 - Calculating player strength
[INFO ] 2020-11-28 20:41:51.573 [main] PlayerInjury:14 - Check whether player is injured or not
[INFO ] 2020-11-28 20:41:51.574 [main] PlayerInjury:14 - Check whether player is injured or not
[INFO ] 2020-11-28 20:41:51.574 [main] FreeAgentModel:189 - Calculating player strength
[INFO ] 2020-11-28 20:41:51.574 [main] PlayerInjury:14 - Check whether player is injured or not
[INFO ] 2020-11-28 20:41:51.574 [main] PlayerInjury:14 - Check whether player is injured or not
[INFO ] 2020-11-28 20:41:51.574 [main] FreeAgentModel:189 - Calculating player strength
[INFO ] 2020-11-28 20:41:51.574 [main] PlayerInjury:14 - Check whether player is injured or not
[INFO ] 2020-11-28 20:41:51.575 [main] PlayerInjury:14 - Check whether player is injured or not
[INFO ] 2020-11-28 20:41:51.575 [main] PlayerInjury:14 - Check whether player is injured or not
[INFO ] 2020-11-28 20:41:51.575 [main] PlayerInjury:14 - Check whether player is injured or not
[INFO ] 2020-11-28 20:41:51.575 [main] FreeAgentModel:189 - Calculating player strength
[INFO ] 2020-11-28 20:41:51.575 [main] PlayerInjury:14 - Check whether player is injured or not
[INFO ] 2020-11-28 20:41:51.575 [main] FreeAgentModel:189 - Calculating player strength
[INFO ] 2020-11-28 20:41:51.577 [main] TradeDecision:41 - Validating player details
[INFO ] 2020-11-28 20:41:51.581 [main] TradeDecision:41 - Validating player details
